26-Sep-2024 09:57:59.576 INFO [main] org.apache.catalina.startup.VersionLoggerListener.log Nombre de la versión del servidor: Apache Tomcat/10.1.29
26-Sep-2024 09:57:59.595 INFO [main] org.apache.catalina.startup.VersionLoggerListener.log Server built:                      Sep 5 2024 14:23:34 UTC
26-Sep-2024 09:57:59.595 INFO [main] org.apache.catalina.startup.VersionLoggerListener.log Número de versión de servidor:     10.1.29.0
26-Sep-2024 09:57:59.595 INFO [main] org.apache.catalina.startup.VersionLoggerListener.log OS Name:                           Windows 10
26-Sep-2024 09:57:59.596 INFO [main] org.apache.catalina.startup.VersionLoggerListener.log Versión de Systema Operativo:      10.0
26-Sep-2024 09:57:59.596 INFO [main] org.apache.catalina.startup.VersionLoggerListener.log Arquitectura:                      amd64
26-Sep-2024 09:57:59.596 INFO [main] org.apache.catalina.startup.VersionLoggerListener.log Java Home:                         C:\Program Files\Java\jdk-22
26-Sep-2024 09:57:59.596 INFO [main] org.apache.catalina.startup.VersionLoggerListener.log JVM Version:                       22.0.1+8-16
26-Sep-2024 09:57:59.597 INFO [main] org.apache.catalina.startup.VersionLoggerListener.log Vededor JVM:                       Oracle Corporation
26-Sep-2024 09:57:59.597 INFO [main] org.apache.catalina.startup.VersionLoggerListener.log CATALINA_BASE:                     C:\Users\2º DAW\Desktop\DWES\apache-tomcat-10.1.29
26-Sep-2024 09:57:59.597 INFO [main] org.apache.catalina.startup.VersionLoggerListener.log CATALINA_HOME:                     C:\Users\2º DAW\Desktop\DWES\apache-tomcat-10.1.29
26-Sep-2024 09:57:59.606 INFO [main] org.apache.catalina.startup.VersionLoggerListener.log Command line argument:             -Djava.util.logging.config.file=C:\Users\2º DAW\Desktop\DWES\apache-tomcat-10.1.29\conf\logging.properties
26-Sep-2024 09:57:59.606 INFO [main] org.apache.catalina.startup.VersionLoggerListener.log Command line argument:             -Djava.util.logging.manager=org.apache.juli.ClassLoaderLogManager
26-Sep-2024 09:57:59.606 INFO [main] org.apache.catalina.startup.VersionLoggerListener.log Command line argument:             -Djdk.tls.ephemeralDHKeySize=2048
26-Sep-2024 09:57:59.606 INFO [main] org.apache.catalina.startup.VersionLoggerListener.log Command line argument:             -Djava.protocol.handler.pkgs=org.apache.catalina.webresources
26-Sep-2024 09:57:59.606 INFO [main] org.apache.catalina.startup.VersionLoggerListener.log Command line argument:             --add-opens=java.base/java.lang=ALL-UNNAMED
26-Sep-2024 09:57:59.606 INFO [main] org.apache.catalina.startup.VersionLoggerListener.log Command line argument:             --add-opens=java.base/java.io=ALL-UNNAMED
26-Sep-2024 09:57:59.606 INFO [main] org.apache.catalina.startup.VersionLoggerListener.log Command line argument:             --add-opens=java.base/java.util=ALL-UNNAMED
26-Sep-2024 09:57:59.606 INFO [main] org.apache.catalina.startup.VersionLoggerListener.log Command line argument:             --add-opens=java.base/java.util.concurrent=ALL-UNNAMED
26-Sep-2024 09:57:59.606 INFO [main] org.apache.catalina.startup.VersionLoggerListener.log Command line argument:             --add-opens=java.rmi/sun.rmi.transport=ALL-UNNAMED
26-Sep-2024 09:57:59.606 INFO [main] org.apache.catalina.startup.VersionLoggerListener.log Command line argument:             -Dcatalina.base=C:\Users\2º DAW\Desktop\DWES\apache-tomcat-10.1.29
26-Sep-2024 09:57:59.606 INFO [main] org.apache.catalina.startup.VersionLoggerListener.log Command line argument:             -Dcatalina.home=C:\Users\2º DAW\Desktop\DWES\apache-tomcat-10.1.29
26-Sep-2024 09:57:59.606 INFO [main] org.apache.catalina.startup.VersionLoggerListener.log Command line argument:             -Djava.io.tmpdir=C:\Users\2º DAW\Desktop\DWES\apache-tomcat-10.1.29\temp
26-Sep-2024 09:57:59.606 INFO [main] org.apache.catalina.core.AprLifecycleListener.lifecycleEvent Cargada la biblioteca nativa APR de Apache Tomcat [2.0.8] con la versión APR [1.7.4].
26-Sep-2024 09:57:59.626 INFO [main] org.apache.catalina.core.AprLifecycleListener.initializeSSL OpenSSL inicializado correctamente [OpenSSL 3.0.14 4 Jun 2024]
26-Sep-2024 09:57:59.887 INFO [main] org.apache.coyote.AbstractProtocol.init Inicializando el manejador de protocolo ["http-nio-8080"]

26-Sep-2024 09:57:59.906 INFO [main] org.apache.catalina.startup.Catalina.load Server initialization in [565] milliseconds
26-Sep-2024 09:57:59.966 INFO [main] org.apache.catalina.core.StandardService.startInternal Arrancando servicio [Catalina]
26-Sep-2024 09:57:59.966 INFO [main] org.apache.catalina.core.StandardEngine.startInternal Starting Servlet engine: [Apache Tomcat/10.1.29]
26-Sep-2024 09:57:59.988 INFO [main] org.apache.catalina.startup.HostConfig.deployDirectory Desplegando el directorio [C:\Users\2º DAW\Desktop\DWES\apache-tomcat-10.1.29\webapps\docs] de la aplicación web
26-Sep-2024 09:58:00.360 INFO [main] org.apache.catalina.startup.HostConfig.deployDirectory Deployment of web application directory [C:\Users\2º DAW\Desktop\DWES\apache-tomcat-10.1.29\webapps\docs] has finished in [369] ms
26-Sep-2024 09:58:00.361 INFO [main] org.apache.catalina.startup.HostConfig.deployDirectory Desplegando el directorio [C:\Users\2º DAW\Desktop\DWES\apache-tomcat-10.1.29\webapps\examples] de la aplicación web
26-Sep-2024 09:58:00.802 INFO [main] org.apache.catalina.startup.HostConfig.deployDirectory Deployment of web application directory [C:\Users\2º DAW\Desktop\DWES\apache-tomcat-10.1.29\webapps\examples] has finished in [442] ms
26-Sep-2024 09:58:00.802 INFO [main] org.apache.catalina.startup.HostConfig.deployDirectory Desplegando el directorio [C:\Users\2º DAW\Desktop\DWES\apache-tomcat-10.1.29\webapps\host-manager] de la aplicación web
26-Sep-2024 09:58:00.834 INFO [main] org.apache.catalina.startup.HostConfig.deployDirectory Deployment of web application directory [C:\Users\2º DAW\Desktop\DWES\apache-tomcat-10.1.29\webapps\host-manager] has finished in [32] ms
26-Sep-2024 09:58:00.834 INFO [main] org.apache.catalina.startup.HostConfig.deployDirectory Desplegando el directorio [C:\Users\2º DAW\Desktop\DWES\apache-tomcat-10.1.29\webapps\manager] de la aplicación web
26-Sep-2024 09:58:00.874 INFO [main] org.apache.catalina.startup.HostConfig.deployDirectory Deployment of web application directory [C:\Users\2º DAW\Desktop\DWES\apache-tomcat-10.1.29\webapps\manager] has finished in [40] ms
26-Sep-2024 09:58:00.874 INFO [main] org.apache.catalina.startup.HostConfig.deployDirectory Desplegando el directorio [C:\Users\2º DAW\Desktop\DWES\apache-tomcat-10.1.29\webapps\ROOT] de la aplicación web
26-Sep-2024 09:58:00.901 INFO [main] org.apache.catalina.startup.HostConfig.deployDirectory Deployment of web application directory [C:\Users\2º DAW\Desktop\DWES\apache-tomcat-10.1.29\webapps\ROOT] has finished in [27] ms
26-Sep-2024 09:58:00.904 INFO [main] org.apache.coyote.AbstractProtocol.start Starting ProtocolHandler ["http-nio-8080"]
26-Sep-2024 09:58:00.927 INFO [main] org.apache.catalina.startup.Catalina.start Server startup in [1018] milliseconds
26-Sep-2024 09:58:10.217 INFO [http-nio-8080-exec-2] org.apache.catalina.startup.HostConfig.deployDescriptor Desplieque del descriptor de configuración [C:\Users\2º DAW\Desktop\DWES\apache-tomcat-10.1.29\conf\Catalina\localhost\Democlase.xml]
26-Sep-2024 09:58:10.219 WARNING [http-nio-8080-exec-2] org.apache.catalina.startup.HostConfig.deployDescriptor The path attribute with value [/Democlase] in deployment descriptor [C:\Users\2º DAW\Desktop\DWES\apache-tomcat-10.1.29\conf\Catalina\localhost\Democlase.xml] has been ignored
26-Sep-2024 09:58:10.268 INFO [http-nio-8080-exec-2] org.apache.jasper.servlet.TldScanner.scanJars Al menos un JAR, que se ha explorado buscando TLDs, aún no contenía TLDs. Activar historial de depuración para este historiador para una completa lista de los JARs que fueron explorados y de los que nos se halló TLDs. Saltarse JARs no necesarios durante la exploración puede dar lugar a una mejora de tiempo significativa en el arranque y compilación de JSP .
26-Sep-2024 09:58:10.275 INFO [http-nio-8080-exec-2] org.apache.catalina.startup.HostConfig.deployDescriptor Deployment of deployment descriptor [C:\Users\2º DAW\Desktop\DWES\apache-tomcat-10.1.29\conf\Catalina\localhost\Democlase.xml] has finished in [58] ms
26-Sep-2024 09:58:10.278 INFO [http-nio-8080-exec-4] org.apache.catalina.util.LifecycleBase.start The start() method was called on component [StandardEngine[Catalina].StandardHost[localhost].StandardContext[/Democlase]] after start() had already been called. The second call will be ignored.
26-Sep-2024 10:03:12.411 INFO [http-nio-8080-exec-9] org.apache.catalina.core.StandardContext.reload Ha comenzado la recarga de Contexto [/Democlase]
26-Sep-2024 10:03:12.451 INFO [http-nio-8080-exec-9] org.apache.jasper.servlet.TldScanner.scanJars Al menos un JAR, que se ha explorado buscando TLDs, aún no contenía TLDs. Activar historial de depuración para este historiador para una completa lista de los JARs que fueron explorados y de los que nos se halló TLDs. Saltarse JARs no necesarios durante la exploración puede dar lugar a una mejora de tiempo significativa en el arranque y compilación de JSP .
26-Sep-2024 10:03:12.453 INFO [http-nio-8080-exec-9] org.apache.catalina.core.StandardContext.reload Se ha completado la recarga de este Contexto
26-Sep-2024 10:03:14.518 INFO [http-nio-8080-exec-8] org.apache.catalina.core.StandardContext.reload Ha comenzado la recarga de Contexto [/Democlase]
26-Sep-2024 10:03:14.554 INFO [http-nio-8080-exec-8] org.apache.jasper.servlet.TldScanner.scanJars Al menos un JAR, que se ha explorado buscando TLDs, aún no contenía TLDs. Activar historial de depuración para este historiador para una completa lista de los JARs que fueron explorados y de los que nos se halló TLDs. Saltarse JARs no necesarios durante la exploración puede dar lugar a una mejora de tiempo significativa en el arranque y compilación de JSP .
26-Sep-2024 10:03:14.556 INFO [http-nio-8080-exec-8] org.apache.catalina.core.StandardContext.reload Se ha completado la recarga de este Contexto
26-Sep-2024 10:03:15.458 INFO [http-nio-8080-exec-7] org.apache.catalina.core.StandardContext.reload Ha comenzado la recarga de Contexto [/Democlase]
26-Sep-2024 10:03:15.498 INFO [http-nio-8080-exec-7] org.apache.jasper.servlet.TldScanner.scanJars Al menos un JAR, que se ha explorado buscando TLDs, aún no contenía TLDs. Activar historial de depuración para este historiador para una completa lista de los JARs que fueron explorados y de los que nos se halló TLDs. Saltarse JARs no necesarios durante la exploración puede dar lugar a una mejora de tiempo significativa en el arranque y compilación de JSP .
26-Sep-2024 10:03:15.500 INFO [http-nio-8080-exec-7] org.apache.catalina.core.StandardContext.reload Se ha completado la recarga de este Contexto
26-Sep-2024 10:06:56.850 INFO [http-nio-8080-exec-14] org.apache.catalina.core.StandardContext.reload Ha comenzado la recarga de Contexto [/Democlase]
26-Sep-2024 10:06:56.885 INFO [http-nio-8080-exec-14] org.apache.jasper.servlet.TldScanner.scanJars Al menos un JAR, que se ha explorado buscando TLDs, aún no contenía TLDs. Activar historial de depuración para este historiador para una completa lista de los JARs que fueron explorados y de los que nos se halló TLDs. Saltarse JARs no necesarios durante la exploración puede dar lugar a una mejora de tiempo significativa en el arranque y compilación de JSP .
26-Sep-2024 10:06:56.887 INFO [http-nio-8080-exec-14] org.apache.catalina.core.StandardContext.reload Se ha completado la recarga de este Contexto
26-Sep-2024 10:06:58.033 INFO [http-nio-8080-exec-6] org.apache.catalina.core.StandardContext.reload Ha comenzado la recarga de Contexto [/Democlase]
26-Sep-2024 10:06:58.068 INFO [http-nio-8080-exec-6] org.apache.jasper.servlet.TldScanner.scanJars Al menos un JAR, que se ha explorado buscando TLDs, aún no contenía TLDs. Activar historial de depuración para este historiador para una completa lista de los JARs que fueron explorados y de los que nos se halló TLDs. Saltarse JARs no necesarios durante la exploración puede dar lugar a una mejora de tiempo significativa en el arranque y compilación de JSP .
26-Sep-2024 10:06:58.070 INFO [http-nio-8080-exec-6] org.apache.catalina.core.StandardContext.reload Se ha completado la recarga de este Contexto
26-Sep-2024 10:07:33.308 INFO [http-nio-8080-exec-15] org.apache.catalina.core.StandardContext.reload Ha comenzado la recarga de Contexto [/Democlase]
26-Sep-2024 10:07:33.342 INFO [http-nio-8080-exec-15] org.apache.jasper.servlet.TldScanner.scanJars Al menos un JAR, que se ha explorado buscando TLDs, aún no contenía TLDs. Activar historial de depuración para este historiador para una completa lista de los JARs que fueron explorados y de los que nos se halló TLDs. Saltarse JARs no necesarios durante la exploración puede dar lugar a una mejora de tiempo significativa en el arranque y compilación de JSP .
26-Sep-2024 10:07:33.344 INFO [http-nio-8080-exec-15] org.apache.catalina.core.StandardContext.reload Se ha completado la recarga de este Contexto
26-Sep-2024 10:18:17.836 INFO [http-nio-8080-exec-29] org.apache.catalina.core.StandardContext.reload Ha comenzado la recarga de Contexto [/Democlase]
26-Sep-2024 10:18:17.879 INFO [http-nio-8080-exec-29] org.apache.jasper.servlet.TldScanner.scanJars Al menos un JAR, que se ha explorado buscando TLDs, aún no contenía TLDs. Activar historial de depuración para este historiador para una completa lista de los JARs que fueron explorados y de los que nos se halló TLDs. Saltarse JARs no necesarios durante la exploración puede dar lugar a una mejora de tiempo significativa en el arranque y compilación de JSP .
26-Sep-2024 10:18:17.879 INFO [http-nio-8080-exec-29] org.apache.catalina.core.StandardContext.reload Se ha completado la recarga de este Contexto
26-Sep-2024 10:18:26.943 INFO [main] org.apache.catalina.core.StandardServer.await Se ha recibido un comando de apagado a través del puerto de apagado. Parando la instancia del Servidor.
26-Sep-2024 10:18:26.943 INFO [main] org.apache.coyote.AbstractProtocol.pause Pausing ProtocolHandler ["http-nio-8080"]
26-Sep-2024 10:18:26.946 INFO [main] org.apache.catalina.core.StandardService.stopInternal Parando servicio [Catalina]
26-Sep-2024 10:18:26.958 INFO [main] org.apache.coyote.AbstractProtocol.stop Stopping ProtocolHandler ["http-nio-8080"]
26-Sep-2024 10:18:26.970 INFO [main] org.apache.coyote.AbstractProtocol.destroy Destroying ProtocolHandler ["http-nio-8080"]
26-Sep-2024 11:35:52.708 INFO [main] org.apache.catalina.startup.VersionLoggerListener.log Nombre de la versión del servidor: Apache Tomcat/10.1.29
26-Sep-2024 11:35:52.729 INFO [main] org.apache.catalina.startup.VersionLoggerListener.log Server built:                      Sep 5 2024 14:23:34 UTC
26-Sep-2024 11:35:52.729 INFO [main] org.apache.catalina.startup.VersionLoggerListener.log Número de versión de servidor:     10.1.29.0
26-Sep-2024 11:35:52.731 INFO [main] org.apache.catalina.startup.VersionLoggerListener.log OS Name:                           Windows 10
26-Sep-2024 11:35:52.732 INFO [main] org.apache.catalina.startup.VersionLoggerListener.log Versión de Systema Operativo:      10.0
26-Sep-2024 11:35:52.732 INFO [main] org.apache.catalina.startup.VersionLoggerListener.log Arquitectura:                      amd64
26-Sep-2024 11:35:52.733 INFO [main] org.apache.catalina.startup.VersionLoggerListener.log Java Home:                         C:\Program Files\Java\jdk-22
26-Sep-2024 11:35:52.733 INFO [main] org.apache.catalina.startup.VersionLoggerListener.log JVM Version:                       22.0.1+8-16
26-Sep-2024 11:35:52.734 INFO [main] org.apache.catalina.startup.VersionLoggerListener.log Vededor JVM:                       Oracle Corporation
26-Sep-2024 11:35:52.734 INFO [main] org.apache.catalina.startup.VersionLoggerListener.log CATALINA_BASE:                     C:\Users\2º DAW\Desktop\DWES\apache-tomcat-10.1.29
26-Sep-2024 11:35:52.735 INFO [main] org.apache.catalina.startup.VersionLoggerListener.log CATALINA_HOME:                     C:\Users\2º DAW\Desktop\DWES\apache-tomcat-10.1.29
26-Sep-2024 11:35:52.748 INFO [main] org.apache.catalina.startup.VersionLoggerListener.log Command line argument:             -Djava.util.logging.config.file=C:\Users\2º DAW\Desktop\DWES\apache-tomcat-10.1.29\conf\logging.properties
26-Sep-2024 11:35:52.750 INFO [main] org.apache.catalina.startup.VersionLoggerListener.log Command line argument:             -Djava.util.logging.manager=org.apache.juli.ClassLoaderLogManager
26-Sep-2024 11:35:52.750 INFO [main] org.apache.catalina.startup.VersionLoggerListener.log Command line argument:             -Djdk.tls.ephemeralDHKeySize=2048
26-Sep-2024 11:35:52.750 INFO [main] org.apache.catalina.startup.VersionLoggerListener.log Command line argument:             -Djava.protocol.handler.pkgs=org.apache.catalina.webresources
26-Sep-2024 11:35:52.751 INFO [main] org.apache.catalina.startup.VersionLoggerListener.log Command line argument:             --add-opens=java.base/java.lang=ALL-UNNAMED
26-Sep-2024 11:35:52.751 INFO [main] org.apache.catalina.startup.VersionLoggerListener.log Command line argument:             --add-opens=java.base/java.io=ALL-UNNAMED
26-Sep-2024 11:35:52.751 INFO [main] org.apache.catalina.startup.VersionLoggerListener.log Command line argument:             --add-opens=java.base/java.util=ALL-UNNAMED
26-Sep-2024 11:35:52.751 INFO [main] org.apache.catalina.startup.VersionLoggerListener.log Command line argument:             --add-opens=java.base/java.util.concurrent=ALL-UNNAMED
26-Sep-2024 11:35:52.751 INFO [main] org.apache.catalina.startup.VersionLoggerListener.log Command line argument:             --add-opens=java.rmi/sun.rmi.transport=ALL-UNNAMED
26-Sep-2024 11:35:52.751 INFO [main] org.apache.catalina.startup.VersionLoggerListener.log Command line argument:             -Dcatalina.base=C:\Users\2º DAW\Desktop\DWES\apache-tomcat-10.1.29
26-Sep-2024 11:35:52.752 INFO [main] org.apache.catalina.startup.VersionLoggerListener.log Command line argument:             -Dcatalina.home=C:\Users\2º DAW\Desktop\DWES\apache-tomcat-10.1.29
26-Sep-2024 11:35:52.752 INFO [main] org.apache.catalina.startup.VersionLoggerListener.log Command line argument:             -Djava.io.tmpdir=C:\Users\2º DAW\Desktop\DWES\apache-tomcat-10.1.29\temp
26-Sep-2024 11:35:52.755 INFO [main] org.apache.catalina.core.AprLifecycleListener.lifecycleEvent Cargada la biblioteca nativa APR de Apache Tomcat [2.0.8] con la versión APR [1.7.4].
26-Sep-2024 11:35:52.760 INFO [main] org.apache.catalina.core.AprLifecycleListener.initializeSSL OpenSSL inicializado correctamente [OpenSSL 3.0.14 4 Jun 2024]
26-Sep-2024 11:35:53.108 INFO [main] org.apache.coyote.AbstractProtocol.init Inicializando el manejador de protocolo ["http-nio-8080"]

26-Sep-2024 11:35:53.146 INFO [main] org.apache.catalina.startup.Catalina.load Server initialization in [634] milliseconds
26-Sep-2024 11:35:53.199 INFO [main] org.apache.catalina.core.StandardService.startInternal Arrancando servicio [Catalina]
26-Sep-2024 11:35:53.200 INFO [main] org.apache.catalina.core.StandardEngine.startInternal Starting Servlet engine: [Apache Tomcat/10.1.29]
26-Sep-2024 11:35:53.209 INFO [main] org.apache.catalina.startup.HostConfig.deployDescriptor Desplieque del descriptor de configuración [C:\Users\2º DAW\Desktop\DWES\apache-tomcat-10.1.29\conf\Catalina\localhost\Democlase.xml]
26-Sep-2024 11:35:53.231 WARNING [main] org.apache.catalina.startup.HostConfig.deployDescriptor The path attribute with value [/Democlase] in deployment descriptor [C:\Users\2º DAW\Desktop\DWES\apache-tomcat-10.1.29\conf\Catalina\localhost\Democlase.xml] has been ignored
26-Sep-2024 11:35:53.501 INFO [main] org.apache.jasper.servlet.TldScanner.scanJars Al menos un JAR, que se ha explorado buscando TLDs, aún no contenía TLDs. Activar historial de depuración para este historiador para una completa lista de los JARs que fueron explorados y de los que nos se halló TLDs. Saltarse JARs no necesarios durante la exploración puede dar lugar a una mejora de tiempo significativa en el arranque y compilación de JSP .
26-Sep-2024 11:35:53.564 INFO [main] org.apache.catalina.startup.HostConfig.deployDescriptor Deployment of deployment descriptor [C:\Users\2º DAW\Desktop\DWES\apache-tomcat-10.1.29\conf\Catalina\localhost\Democlase.xml] has finished in [352] ms
26-Sep-2024 11:35:53.565 INFO [main] org.apache.catalina.startup.HostConfig.deployDirectory Desplegando el directorio [C:\Users\2º DAW\Desktop\DWES\apache-tomcat-10.1.29\webapps\docs] de la aplicación web
26-Sep-2024 11:35:53.608 INFO [main] org.apache.catalina.startup.HostConfig.deployDirectory Deployment of web application directory [C:\Users\2º DAW\Desktop\DWES\apache-tomcat-10.1.29\webapps\docs] has finished in [43] ms
26-Sep-2024 11:35:53.609 INFO [main] org.apache.catalina.startup.HostConfig.deployDirectory Desplegando el directorio [C:\Users\2º DAW\Desktop\DWES\apache-tomcat-10.1.29\webapps\examples] de la aplicación web
26-Sep-2024 11:35:54.014 INFO [main] org.apache.catalina.startup.HostConfig.deployDirectory Deployment of web application directory [C:\Users\2º DAW\Desktop\DWES\apache-tomcat-10.1.29\webapps\examples] has finished in [405] ms
26-Sep-2024 11:35:54.014 INFO [main] org.apache.catalina.startup.HostConfig.deployDirectory Desplegando el directorio [C:\Users\2º DAW\Desktop\DWES\apache-tomcat-10.1.29\webapps\host-manager] de la aplicación web
26-Sep-2024 11:35:54.049 INFO [main] org.apache.catalina.startup.HostConfig.deployDirectory Deployment of web application directory [C:\Users\2º DAW\Desktop\DWES\apache-tomcat-10.1.29\webapps\host-manager] has finished in [35] ms
26-Sep-2024 11:35:54.049 INFO [main] org.apache.catalina.startup.HostConfig.deployDirectory Desplegando el directorio [C:\Users\2º DAW\Desktop\DWES\apache-tomcat-10.1.29\webapps\manager] de la aplicación web
26-Sep-2024 11:35:54.086 INFO [main] org.apache.catalina.startup.HostConfig.deployDirectory Deployment of web application directory [C:\Users\2º DAW\Desktop\DWES\apache-tomcat-10.1.29\webapps\manager] has finished in [37] ms
26-Sep-2024 11:35:54.086 INFO [main] org.apache.catalina.startup.HostConfig.deployDirectory Desplegando el directorio [C:\Users\2º DAW\Desktop\DWES\apache-tomcat-10.1.29\webapps\ROOT] de la aplicación web
26-Sep-2024 11:35:54.107 INFO [main] org.apache.catalina.startup.HostConfig.deployDirectory Deployment of web application directory [C:\Users\2º DAW\Desktop\DWES\apache-tomcat-10.1.29\webapps\ROOT] has finished in [21] ms
26-Sep-2024 11:35:54.112 INFO [main] org.apache.coyote.AbstractProtocol.start Starting ProtocolHandler ["http-nio-8080"]
26-Sep-2024 11:35:54.121 INFO [main] org.apache.catalina.startup.Catalina.start Server startup in [987] milliseconds
26-Sep-2024 11:38:20.341 INFO [main] org.apache.catalina.core.StandardServer.await Se ha recibido un comando de apagado a través del puerto de apagado. Parando la instancia del Servidor.
26-Sep-2024 11:38:20.341 INFO [main] org.apache.coyote.AbstractProtocol.pause Pausing ProtocolHandler ["http-nio-8080"]
26-Sep-2024 11:38:20.357 INFO [main] org.apache.catalina.core.StandardService.stopInternal Parando servicio [Catalina]
26-Sep-2024 11:38:20.370 INFO [main] org.apache.coyote.AbstractProtocol.stop Stopping ProtocolHandler ["http-nio-8080"]
26-Sep-2024 11:38:20.388 INFO [main] org.apache.coyote.AbstractProtocol.destroy Destroying ProtocolHandler ["http-nio-8080"]
26-Sep-2024 11:39:58.848 INFO [main] org.apache.catalina.startup.VersionLoggerListener.log Nombre de la versión del servidor: Apache Tomcat/10.1.29
26-Sep-2024 11:39:58.851 INFO [main] org.apache.catalina.startup.VersionLoggerListener.log Server built:                      Sep 5 2024 14:23:34 UTC
26-Sep-2024 11:39:58.852 INFO [main] org.apache.catalina.startup.VersionLoggerListener.log Número de versión de servidor:     10.1.29.0
26-Sep-2024 11:39:58.852 INFO [main] org.apache.catalina.startup.VersionLoggerListener.log OS Name:                           Windows 10
26-Sep-2024 11:39:58.852 INFO [main] org.apache.catalina.startup.VersionLoggerListener.log Versión de Systema Operativo:      10.0
26-Sep-2024 11:39:58.852 INFO [main] org.apache.catalina.startup.VersionLoggerListener.log Arquitectura:                      amd64
26-Sep-2024 11:39:58.852 INFO [main] org.apache.catalina.startup.VersionLoggerListener.log Java Home:                         C:\Program Files\Java\jdk-22
26-Sep-2024 11:39:58.852 INFO [main] org.apache.catalina.startup.VersionLoggerListener.log JVM Version:                       22.0.1+8-16
26-Sep-2024 11:39:58.852 INFO [main] org.apache.catalina.startup.VersionLoggerListener.log Vededor JVM:                       Oracle Corporation
26-Sep-2024 11:39:58.852 INFO [main] org.apache.catalina.startup.VersionLoggerListener.log CATALINA_BASE:                     C:\Users\2º DAW\Desktop\DWES\apache-tomcat-10.1.29
26-Sep-2024 11:39:58.852 INFO [main] org.apache.catalina.startup.VersionLoggerListener.log CATALINA_HOME:                     C:\Users\2º DAW\Desktop\DWES\apache-tomcat-10.1.29
26-Sep-2024 11:39:58.857 INFO [main] org.apache.catalina.startup.VersionLoggerListener.log Command line argument:             -Djava.util.logging.config.file=C:\Users\2º DAW\Desktop\DWES\apache-tomcat-10.1.29\conf\logging.properties
26-Sep-2024 11:39:58.857 INFO [main] org.apache.catalina.startup.VersionLoggerListener.log Command line argument:             -Djava.util.logging.manager=org.apache.juli.ClassLoaderLogManager
26-Sep-2024 11:39:58.857 INFO [main] org.apache.catalina.startup.VersionLoggerListener.log Command line argument:             -Djdk.tls.ephemeralDHKeySize=2048
26-Sep-2024 11:39:58.857 INFO [main] org.apache.catalina.startup.VersionLoggerListener.log Command line argument:             -Djava.protocol.handler.pkgs=org.apache.catalina.webresources
26-Sep-2024 11:39:58.857 INFO [main] org.apache.catalina.startup.VersionLoggerListener.log Command line argument:             --add-opens=java.base/java.lang=ALL-UNNAMED
26-Sep-2024 11:39:58.857 INFO [main] org.apache.catalina.startup.VersionLoggerListener.log Command line argument:             --add-opens=java.base/java.io=ALL-UNNAMED
26-Sep-2024 11:39:58.857 INFO [main] org.apache.catalina.startup.VersionLoggerListener.log Command line argument:             --add-opens=java.base/java.util=ALL-UNNAMED
26-Sep-2024 11:39:58.857 INFO [main] org.apache.catalina.startup.VersionLoggerListener.log Command line argument:             --add-opens=java.base/java.util.concurrent=ALL-UNNAMED
26-Sep-2024 11:39:58.857 INFO [main] org.apache.catalina.startup.VersionLoggerListener.log Command line argument:             --add-opens=java.rmi/sun.rmi.transport=ALL-UNNAMED
26-Sep-2024 11:39:58.857 INFO [main] org.apache.catalina.startup.VersionLoggerListener.log Command line argument:             -Dcatalina.base=C:\Users\2º DAW\Desktop\DWES\apache-tomcat-10.1.29
26-Sep-2024 11:39:58.857 INFO [main] org.apache.catalina.startup.VersionLoggerListener.log Command line argument:             -Dcatalina.home=C:\Users\2º DAW\Desktop\DWES\apache-tomcat-10.1.29
26-Sep-2024 11:39:58.857 INFO [main] org.apache.catalina.startup.VersionLoggerListener.log Command line argument:             -Djava.io.tmpdir=C:\Users\2º DAW\Desktop\DWES\apache-tomcat-10.1.29\temp
26-Sep-2024 11:39:58.857 INFO [main] org.apache.catalina.core.AprLifecycleListener.lifecycleEvent Cargada la biblioteca nativa APR de Apache Tomcat [2.0.8] con la versión APR [1.7.4].
26-Sep-2024 11:39:58.857 INFO [main] org.apache.catalina.core.AprLifecycleListener.initializeSSL OpenSSL inicializado correctamente [OpenSSL 3.0.14 4 Jun 2024]
26-Sep-2024 11:39:59.174 INFO [main] org.apache.coyote.AbstractProtocol.init Inicializando el manejador de protocolo ["http-nio-8080"]

26-Sep-2024 11:39:59.182 INFO [main] org.apache.catalina.startup.Catalina.load Server initialization in [529] milliseconds
26-Sep-2024 11:39:59.232 INFO [main] org.apache.catalina.core.StandardService.startInternal Arrancando servicio [Catalina]
26-Sep-2024 11:39:59.232 INFO [main] org.apache.catalina.core.StandardEngine.startInternal Starting Servlet engine: [Apache Tomcat/10.1.29]
26-Sep-2024 11:39:59.232 INFO [main] org.apache.catalina.startup.HostConfig.deployDescriptor Desplieque del descriptor de configuración [C:\Users\2º DAW\Desktop\DWES\apache-tomcat-10.1.29\conf\Catalina\localhost\Democlase.xml]
26-Sep-2024 11:39:59.248 WARNING [main] org.apache.catalina.startup.HostConfig.deployDescriptor The path attribute with value [/Democlase] in deployment descriptor [C:\Users\2º DAW\Desktop\DWES\apache-tomcat-10.1.29\conf\Catalina\localhost\Democlase.xml] has been ignored
26-Sep-2024 11:39:59.500 INFO [main] org.apache.jasper.servlet.TldScanner.scanJars Al menos un JAR, que se ha explorado buscando TLDs, aún no contenía TLDs. Activar historial de depuración para este historiador para una completa lista de los JARs que fueron explorados y de los que nos se halló TLDs. Saltarse JARs no necesarios durante la exploración puede dar lugar a una mejora de tiempo significativa en el arranque y compilación de JSP .
26-Sep-2024 11:39:59.549 INFO [main] org.apache.catalina.startup.HostConfig.deployDescriptor Deployment of deployment descriptor [C:\Users\2º DAW\Desktop\DWES\apache-tomcat-10.1.29\conf\Catalina\localhost\Democlase.xml] has finished in [315] ms
26-Sep-2024 11:39:59.550 INFO [main] org.apache.catalina.startup.HostConfig.deployDirectory Desplegando el directorio [C:\Users\2º DAW\Desktop\DWES\apache-tomcat-10.1.29\webapps\docs] de la aplicación web
26-Sep-2024 11:39:59.588 INFO [main] org.apache.catalina.startup.HostConfig.deployDirectory Deployment of web application directory [C:\Users\2º DAW\Desktop\DWES\apache-tomcat-10.1.29\webapps\docs] has finished in [39] ms
26-Sep-2024 11:39:59.588 INFO [main] org.apache.catalina.startup.HostConfig.deployDirectory Desplegando el directorio [C:\Users\2º DAW\Desktop\DWES\apache-tomcat-10.1.29\webapps\examples] de la aplicación web
26-Sep-2024 11:39:59.952 INFO [main] org.apache.catalina.startup.HostConfig.deployDirectory Deployment of web application directory [C:\Users\2º DAW\Desktop\DWES\apache-tomcat-10.1.29\webapps\examples] has finished in [364] ms
26-Sep-2024 11:39:59.952 INFO [main] org.apache.catalina.startup.HostConfig.deployDirectory Desplegando el directorio [C:\Users\2º DAW\Desktop\DWES\apache-tomcat-10.1.29\webapps\host-manager] de la aplicación web
26-Sep-2024 11:40:00.001 INFO [main] org.apache.catalina.startup.HostConfig.deployDirectory Deployment of web application directory [C:\Users\2º DAW\Desktop\DWES\apache-tomcat-10.1.29\webapps\host-manager] has finished in [49] ms
26-Sep-2024 11:40:00.002 INFO [main] org.apache.catalina.startup.HostConfig.deployDirectory Desplegando el directorio [C:\Users\2º DAW\Desktop\DWES\apache-tomcat-10.1.29\webapps\manager] de la aplicación web
26-Sep-2024 11:40:00.037 INFO [main] org.apache.catalina.startup.HostConfig.deployDirectory Deployment of web application directory [C:\Users\2º DAW\Desktop\DWES\apache-tomcat-10.1.29\webapps\manager] has finished in [36] ms
26-Sep-2024 11:40:00.037 INFO [main] org.apache.catalina.startup.HostConfig.deployDirectory Desplegando el directorio [C:\Users\2º DAW\Desktop\DWES\apache-tomcat-10.1.29\webapps\ROOT] de la aplicación web
26-Sep-2024 11:40:00.059 INFO [main] org.apache.catalina.startup.HostConfig.deployDirectory Deployment of web application directory [C:\Users\2º DAW\Desktop\DWES\apache-tomcat-10.1.29\webapps\ROOT] has finished in [22] ms
26-Sep-2024 11:40:00.063 INFO [main] org.apache.coyote.AbstractProtocol.start Starting ProtocolHandler ["http-nio-8080"]
26-Sep-2024 11:40:00.072 INFO [main] org.apache.catalina.startup.Catalina.start Server startup in [885] milliseconds
26-Sep-2024 11:43:34.836 INFO [main] org.apache.catalina.core.StandardServer.await Se ha recibido un comando de apagado a través del puerto de apagado. Parando la instancia del Servidor.
26-Sep-2024 11:43:34.836 INFO [main] org.apache.coyote.AbstractProtocol.pause Pausing ProtocolHandler ["http-nio-8080"]
26-Sep-2024 11:43:34.840 INFO [main] org.apache.catalina.core.StandardService.stopInternal Parando servicio [Catalina]
26-Sep-2024 11:43:34.858 INFO [main] org.apache.coyote.AbstractProtocol.stop Stopping ProtocolHandler ["http-nio-8080"]
26-Sep-2024 11:43:34.875 INFO [main] org.apache.coyote.AbstractProtocol.destroy Destroying ProtocolHandler ["http-nio-8080"]
