09-Oct-2024 09:39:26.829 INFO [main] org.apache.catalina.startup.VersionLoggerListener.log Nombre de la versión del servidor: Apache Tomcat/10.1.29
09-Oct-2024 09:39:26.832 INFO [main] org.apache.catalina.startup.VersionLoggerListener.log Server built:                      Sep 5 2024 14:23:34 UTC
09-Oct-2024 09:39:26.833 INFO [main] org.apache.catalina.startup.VersionLoggerListener.log Número de versión de servidor:     10.1.29.0
09-Oct-2024 09:39:26.833 INFO [main] org.apache.catalina.startup.VersionLoggerListener.log OS Name:                           Windows 10
09-Oct-2024 09:39:26.833 INFO [main] org.apache.catalina.startup.VersionLoggerListener.log Versión de Systema Operativo:      10.0
09-Oct-2024 09:39:26.833 INFO [main] org.apache.catalina.startup.VersionLoggerListener.log Arquitectura:                      amd64
09-Oct-2024 09:39:26.833 INFO [main] org.apache.catalina.startup.VersionLoggerListener.log Java Home:                         C:\Program Files\Java\jdk-22
09-Oct-2024 09:39:26.833 INFO [main] org.apache.catalina.startup.VersionLoggerListener.log JVM Version:                       22.0.1+8-16
09-Oct-2024 09:39:26.833 INFO [main] org.apache.catalina.startup.VersionLoggerListener.log Vededor JVM:                       Oracle Corporation
09-Oct-2024 09:39:26.833 INFO [main] org.apache.catalina.startup.VersionLoggerListener.log CATALINA_BASE:                     C:\Users\2º DAW\Desktop\DWES\apache-tomcat-10.1.29
09-Oct-2024 09:39:26.833 INFO [main] org.apache.catalina.startup.VersionLoggerListener.log CATALINA_HOME:                     C:\Users\2º DAW\Desktop\DWES\apache-tomcat-10.1.29
09-Oct-2024 09:39:26.842 INFO [main] org.apache.catalina.startup.VersionLoggerListener.log Command line argument:             -Djava.util.logging.config.file=C:\Users\2º DAW\Desktop\DWES\apache-tomcat-10.1.29\conf\logging.properties
09-Oct-2024 09:39:26.842 INFO [main] org.apache.catalina.startup.VersionLoggerListener.log Command line argument:             -Djava.util.logging.manager=org.apache.juli.ClassLoaderLogManager
09-Oct-2024 09:39:26.842 INFO [main] org.apache.catalina.startup.VersionLoggerListener.log Command line argument:             -Djdk.tls.ephemeralDHKeySize=2048
09-Oct-2024 09:39:26.843 INFO [main] org.apache.catalina.startup.VersionLoggerListener.log Command line argument:             -Djava.protocol.handler.pkgs=org.apache.catalina.webresources
09-Oct-2024 09:39:26.843 INFO [main] org.apache.catalina.startup.VersionLoggerListener.log Command line argument:             --add-opens=java.base/java.lang=ALL-UNNAMED
09-Oct-2024 09:39:26.843 INFO [main] org.apache.catalina.startup.VersionLoggerListener.log Command line argument:             --add-opens=java.base/java.io=ALL-UNNAMED
09-Oct-2024 09:39:26.843 INFO [main] org.apache.catalina.startup.VersionLoggerListener.log Command line argument:             --add-opens=java.base/java.util=ALL-UNNAMED
09-Oct-2024 09:39:26.843 INFO [main] org.apache.catalina.startup.VersionLoggerListener.log Command line argument:             --add-opens=java.base/java.util.concurrent=ALL-UNNAMED
09-Oct-2024 09:39:26.843 INFO [main] org.apache.catalina.startup.VersionLoggerListener.log Command line argument:             --add-opens=java.rmi/sun.rmi.transport=ALL-UNNAMED
09-Oct-2024 09:39:26.843 INFO [main] org.apache.catalina.startup.VersionLoggerListener.log Command line argument:             -Dcatalina.base=C:\Users\2º DAW\Desktop\DWES\apache-tomcat-10.1.29
09-Oct-2024 09:39:26.844 INFO [main] org.apache.catalina.startup.VersionLoggerListener.log Command line argument:             -Dcatalina.home=C:\Users\2º DAW\Desktop\DWES\apache-tomcat-10.1.29
09-Oct-2024 09:39:26.844 INFO [main] org.apache.catalina.startup.VersionLoggerListener.log Command line argument:             -Djava.io.tmpdir=C:\Users\2º DAW\Desktop\DWES\apache-tomcat-10.1.29\temp
09-Oct-2024 09:39:26.846 INFO [main] org.apache.catalina.core.AprLifecycleListener.lifecycleEvent Cargada la biblioteca nativa APR de Apache Tomcat [2.0.8] con la versión APR [1.7.4].
09-Oct-2024 09:39:26.851 INFO [main] org.apache.catalina.core.AprLifecycleListener.initializeSSL OpenSSL inicializado correctamente [OpenSSL 3.0.14 4 Jun 2024]
09-Oct-2024 09:39:27.193 INFO [main] org.apache.coyote.AbstractProtocol.init Inicializando el manejador de protocolo ["http-nio-8080"]

09-Oct-2024 09:39:27.214 INFO [main] org.apache.catalina.startup.Catalina.load Server initialization in [593] milliseconds
09-Oct-2024 09:39:27.258 INFO [main] org.apache.catalina.core.StandardService.startInternal Arrancando servicio [Catalina]
09-Oct-2024 09:39:27.258 INFO [main] org.apache.catalina.core.StandardEngine.startInternal Starting Servlet engine: [Apache Tomcat/10.1.29]
09-Oct-2024 09:39:27.265 INFO [main] org.apache.catalina.startup.HostConfig.deployDescriptor Desplieque del descriptor de configuración [C:\Users\2º DAW\Desktop\DWES\apache-tomcat-10.1.29\conf\Catalina\localhost\Democlase.xml]
09-Oct-2024 09:39:27.281 WARNING [main] org.apache.catalina.startup.HostConfig.deployDescriptor The path attribute with value [/Democlase] in deployment descriptor [C:\Users\2º DAW\Desktop\DWES\apache-tomcat-10.1.29\conf\Catalina\localhost\Democlase.xml] has been ignored
09-Oct-2024 09:39:27.961 INFO [main] org.apache.jasper.servlet.TldScanner.scanJars Al menos un JAR, que se ha explorado buscando TLDs, aún no contenía TLDs. Activar historial de depuración para este historiador para una completa lista de los JARs que fueron explorados y de los que nos se halló TLDs. Saltarse JARs no necesarios durante la exploración puede dar lugar a una mejora de tiempo significativa en el arranque y compilación de JSP .
09-Oct-2024 09:39:28.009 INFO [main] org.apache.catalina.startup.HostConfig.deployDescriptor Deployment of deployment descriptor [C:\Users\2º DAW\Desktop\DWES\apache-tomcat-10.1.29\conf\Catalina\localhost\Democlase.xml] has finished in [742] ms
09-Oct-2024 09:39:28.009 INFO [main] org.apache.catalina.startup.HostConfig.deployDescriptor Desplieque del descriptor de configuración [C:\Users\2º DAW\Desktop\DWES\apache-tomcat-10.1.29\conf\Catalina\localhost\Incidencias2.xml]
09-Oct-2024 09:39:28.010 WARNING [main] org.apache.catalina.startup.HostConfig.deployDescriptor The path attribute with value [/Incidencias2] in deployment descriptor [C:\Users\2º DAW\Desktop\DWES\apache-tomcat-10.1.29\conf\Catalina\localhost\Incidencias2.xml] has been ignored
09-Oct-2024 09:39:28.405 INFO [main] java.util.ArrayList.forEach Name = incidencias2 Ignoring unknown property: value of "false" for "useSSL" property
09-Oct-2024 09:39:28.405 INFO [main] java.util.ArrayList.forEach Name = incidencias2 Ignoring unknown property: value of "true" for "allowPublicKeyRetrieval" property
09-Oct-2024 09:39:28.405 INFO [main] java.util.ArrayList.forEach Name = incidencias2 Ignoring unknown property: value of "UTC" for "serverTimezone" property
09-Oct-2024 09:39:28.432 INFO [main] org.apache.jasper.servlet.TldScanner.scanJars Al menos un JAR, que se ha explorado buscando TLDs, aún no contenía TLDs. Activar historial de depuración para este historiador para una completa lista de los JARs que fueron explorados y de los que nos se halló TLDs. Saltarse JARs no necesarios durante la exploración puede dar lugar a una mejora de tiempo significativa en el arranque y compilación de JSP .
09-Oct-2024 09:39:28.435 INFO [main] org.apache.catalina.startup.HostConfig.deployDescriptor Deployment of deployment descriptor [C:\Users\2º DAW\Desktop\DWES\apache-tomcat-10.1.29\conf\Catalina\localhost\Incidencias2.xml] has finished in [426] ms
09-Oct-2024 09:39:28.435 INFO [main] org.apache.catalina.startup.HostConfig.deployDirectory Desplegando el directorio [C:\Users\2º DAW\Desktop\DWES\apache-tomcat-10.1.29\webapps\docs] de la aplicación web
09-Oct-2024 09:39:28.792 INFO [main] org.apache.jasper.servlet.TldScanner.scanJars Al menos un JAR, que se ha explorado buscando TLDs, aún no contenía TLDs. Activar historial de depuración para este historiador para una completa lista de los JARs que fueron explorados y de los que nos se halló TLDs. Saltarse JARs no necesarios durante la exploración puede dar lugar a una mejora de tiempo significativa en el arranque y compilación de JSP .
09-Oct-2024 09:39:28.794 INFO [main] org.apache.catalina.startup.HostConfig.deployDirectory Deployment of web application directory [C:\Users\2º DAW\Desktop\DWES\apache-tomcat-10.1.29\webapps\docs] has finished in [359] ms
09-Oct-2024 09:39:28.795 INFO [main] org.apache.catalina.startup.HostConfig.deployDirectory Desplegando el directorio [C:\Users\2º DAW\Desktop\DWES\apache-tomcat-10.1.29\webapps\examples] de la aplicación web
09-Oct-2024 09:39:29.487 INFO [main] org.apache.jasper.servlet.TldScanner.scanJars Al menos un JAR, que se ha explorado buscando TLDs, aún no contenía TLDs. Activar historial de depuración para este historiador para una completa lista de los JARs que fueron explorados y de los que nos se halló TLDs. Saltarse JARs no necesarios durante la exploración puede dar lugar a una mejora de tiempo significativa en el arranque y compilación de JSP .
09-Oct-2024 09:39:29.541 INFO [main] org.apache.catalina.startup.HostConfig.deployDirectory Deployment of web application directory [C:\Users\2º DAW\Desktop\DWES\apache-tomcat-10.1.29\webapps\examples] has finished in [746] ms
09-Oct-2024 09:39:29.542 INFO [main] org.apache.catalina.startup.HostConfig.deployDirectory Desplegando el directorio [C:\Users\2º DAW\Desktop\DWES\apache-tomcat-10.1.29\webapps\host-manager] de la aplicación web
09-Oct-2024 09:39:29.882 INFO [main] org.apache.jasper.servlet.TldScanner.scanJars Al menos un JAR, que se ha explorado buscando TLDs, aún no contenía TLDs. Activar historial de depuración para este historiador para una completa lista de los JARs que fueron explorados y de los que nos se halló TLDs. Saltarse JARs no necesarios durante la exploración puede dar lugar a una mejora de tiempo significativa en el arranque y compilación de JSP .
09-Oct-2024 09:39:29.889 INFO [main] org.apache.catalina.startup.HostConfig.deployDirectory Deployment of web application directory [C:\Users\2º DAW\Desktop\DWES\apache-tomcat-10.1.29\webapps\host-manager] has finished in [347] ms
09-Oct-2024 09:39:29.889 INFO [main] org.apache.catalina.startup.HostConfig.deployDirectory Desplegando el directorio [C:\Users\2º DAW\Desktop\DWES\apache-tomcat-10.1.29\webapps\manager] de la aplicación web
09-Oct-2024 09:39:30.225 INFO [main] org.apache.jasper.servlet.TldScanner.scanJars Al menos un JAR, que se ha explorado buscando TLDs, aún no contenía TLDs. Activar historial de depuración para este historiador para una completa lista de los JARs que fueron explorados y de los que nos se halló TLDs. Saltarse JARs no necesarios durante la exploración puede dar lugar a una mejora de tiempo significativa en el arranque y compilación de JSP .
09-Oct-2024 09:39:30.228 INFO [main] org.apache.catalina.startup.HostConfig.deployDirectory Deployment of web application directory [C:\Users\2º DAW\Desktop\DWES\apache-tomcat-10.1.29\webapps\manager] has finished in [339] ms
09-Oct-2024 09:39:30.228 INFO [main] org.apache.catalina.startup.HostConfig.deployDirectory Desplegando el directorio [C:\Users\2º DAW\Desktop\DWES\apache-tomcat-10.1.29\webapps\ROOT] de la aplicación web
09-Oct-2024 09:39:30.555 INFO [main] org.apache.jasper.servlet.TldScanner.scanJars Al menos un JAR, que se ha explorado buscando TLDs, aún no contenía TLDs. Activar historial de depuración para este historiador para una completa lista de los JARs que fueron explorados y de los que nos se halló TLDs. Saltarse JARs no necesarios durante la exploración puede dar lugar a una mejora de tiempo significativa en el arranque y compilación de JSP .
09-Oct-2024 09:39:30.558 INFO [main] org.apache.catalina.startup.HostConfig.deployDirectory Deployment of web application directory [C:\Users\2º DAW\Desktop\DWES\apache-tomcat-10.1.29\webapps\ROOT] has finished in [330] ms
09-Oct-2024 09:39:30.562 INFO [main] org.apache.coyote.AbstractProtocol.start Starting ProtocolHandler ["http-nio-8080"]
09-Oct-2024 09:39:30.585 INFO [main] org.apache.catalina.startup.Catalina.start Server startup in [3370] milliseconds
09-Oct-2024 09:39:32.959 INFO [http-nio-8080-exec-1] org.apache.catalina.startup.HostConfig.undeploy Repliegue (undeploy) de la aplicación web que tiene como trayectoria de contexto [/Incidencias2]
09-Oct-2024 09:39:33.000 INFO [http-nio-8080-exec-2] org.apache.catalina.startup.HostConfig.deployDescriptor Desplieque del descriptor de configuración [C:\Users\2º DAW\Desktop\DWES\apache-tomcat-10.1.29\conf\Catalina\localhost\Incidencias2.xml]
09-Oct-2024 09:39:33.000 WARNING [http-nio-8080-exec-2] org.apache.catalina.startup.HostConfig.deployDescriptor The path attribute with value [/Incidencias2] in deployment descriptor [C:\Users\2º DAW\Desktop\DWES\apache-tomcat-10.1.29\conf\Catalina\localhost\Incidencias2.xml] has been ignored
09-Oct-2024 09:39:33.379 INFO [http-nio-8080-exec-2] org.apache.jasper.servlet.TldScanner.scanJars Al menos un JAR, que se ha explorado buscando TLDs, aún no contenía TLDs. Activar historial de depuración para este historiador para una completa lista de los JARs que fueron explorados y de los que nos se halló TLDs. Saltarse JARs no necesarios durante la exploración puede dar lugar a una mejora de tiempo significativa en el arranque y compilación de JSP .
09-Oct-2024 09:39:33.382 INFO [http-nio-8080-exec-2] org.apache.catalina.startup.HostConfig.deployDescriptor Deployment of deployment descriptor [C:\Users\2º DAW\Desktop\DWES\apache-tomcat-10.1.29\conf\Catalina\localhost\Incidencias2.xml] has finished in [382] ms
09-Oct-2024 09:39:33.386 INFO [http-nio-8080-exec-6] org.apache.catalina.util.LifecycleBase.start The start() method was called on component [StandardEngine[Catalina].StandardHost[localhost].StandardContext[/Incidencias2]] after start() had already been called. The second call will be ignored.
09-Oct-2024 09:44:43.631 INFO [http-nio-8080-exec-13] org.apache.catalina.core.StandardContext.reload Ha comenzado la recarga de Contexto [/Incidencias2]
09-Oct-2024 09:44:44.073 INFO [http-nio-8080-exec-13] org.apache.jasper.servlet.TldScanner.scanJars Al menos un JAR, que se ha explorado buscando TLDs, aún no contenía TLDs. Activar historial de depuración para este historiador para una completa lista de los JARs que fueron explorados y de los que nos se halló TLDs. Saltarse JARs no necesarios durante la exploración puede dar lugar a una mejora de tiempo significativa en el arranque y compilación de JSP .
09-Oct-2024 09:44:44.075 INFO [http-nio-8080-exec-13] org.apache.catalina.core.StandardContext.reload Se ha completado la recarga de este Contexto
09-Oct-2024 09:44:44.425 INFO [http-nio-8080-exec-6] org.apache.catalina.core.StandardContext.reload Ha comenzado la recarga de Contexto [/Incidencias2]
09-Oct-2024 09:44:44.806 INFO [http-nio-8080-exec-6] org.apache.jasper.servlet.TldScanner.scanJars Al menos un JAR, que se ha explorado buscando TLDs, aún no contenía TLDs. Activar historial de depuración para este historiador para una completa lista de los JARs que fueron explorados y de los que nos se halló TLDs. Saltarse JARs no necesarios durante la exploración puede dar lugar a una mejora de tiempo significativa en el arranque y compilación de JSP .
09-Oct-2024 09:44:44.807 INFO [http-nio-8080-exec-6] org.apache.catalina.core.StandardContext.reload Se ha completado la recarga de este Contexto
09-Oct-2024 09:51:33.425 INFO [http-nio-8080-exec-21] org.apache.catalina.core.StandardContext.reload Ha comenzado la recarga de Contexto [/Incidencias2]
09-Oct-2024 09:51:33.813 INFO [http-nio-8080-exec-21] org.apache.jasper.servlet.TldScanner.scanJars Al menos un JAR, que se ha explorado buscando TLDs, aún no contenía TLDs. Activar historial de depuración para este historiador para una completa lista de los JARs que fueron explorados y de los que nos se halló TLDs. Saltarse JARs no necesarios durante la exploración puede dar lugar a una mejora de tiempo significativa en el arranque y compilación de JSP .
09-Oct-2024 09:51:33.815 INFO [http-nio-8080-exec-21] org.apache.catalina.core.StandardContext.reload Se ha completado la recarga de este Contexto
09-Oct-2024 09:51:34.133 INFO [http-nio-8080-exec-16] org.apache.catalina.core.StandardContext.reload Ha comenzado la recarga de Contexto [/Incidencias2]
09-Oct-2024 09:51:34.512 INFO [http-nio-8080-exec-16] org.apache.jasper.servlet.TldScanner.scanJars Al menos un JAR, que se ha explorado buscando TLDs, aún no contenía TLDs. Activar historial de depuración para este historiador para una completa lista de los JARs que fueron explorados y de los que nos se halló TLDs. Saltarse JARs no necesarios durante la exploración puede dar lugar a una mejora de tiempo significativa en el arranque y compilación de JSP .
09-Oct-2024 09:51:34.514 INFO [http-nio-8080-exec-16] org.apache.catalina.core.StandardContext.reload Se ha completado la recarga de este Contexto
09-Oct-2024 09:52:35.156 INFO [http-nio-8080-exec-19] org.apache.catalina.core.StandardContext.reload Ha comenzado la recarga de Contexto [/Incidencias2]
09-Oct-2024 09:52:35.556 INFO [http-nio-8080-exec-19] org.apache.jasper.servlet.TldScanner.scanJars Al menos un JAR, que se ha explorado buscando TLDs, aún no contenía TLDs. Activar historial de depuración para este historiador para una completa lista de los JARs que fueron explorados y de los que nos se halló TLDs. Saltarse JARs no necesarios durante la exploración puede dar lugar a una mejora de tiempo significativa en el arranque y compilación de JSP .
09-Oct-2024 09:52:35.558 INFO [http-nio-8080-exec-19] org.apache.catalina.core.StandardContext.reload Se ha completado la recarga de este Contexto
09-Oct-2024 09:52:35.891 INFO [http-nio-8080-exec-28] org.apache.catalina.core.StandardContext.reload Ha comenzado la recarga de Contexto [/Incidencias2]
09-Oct-2024 09:52:36.256 INFO [http-nio-8080-exec-28] org.apache.jasper.servlet.TldScanner.scanJars Al menos un JAR, que se ha explorado buscando TLDs, aún no contenía TLDs. Activar historial de depuración para este historiador para una completa lista de los JARs que fueron explorados y de los que nos se halló TLDs. Saltarse JARs no necesarios durante la exploración puede dar lugar a una mejora de tiempo significativa en el arranque y compilación de JSP .
09-Oct-2024 09:52:36.258 INFO [http-nio-8080-exec-28] org.apache.catalina.core.StandardContext.reload Se ha completado la recarga de este Contexto
09-Oct-2024 09:58:59.258 INFO [http-nio-8080-exec-32] org.apache.catalina.core.StandardContext.reload Ha comenzado la recarga de Contexto [/Incidencias2]
09-Oct-2024 09:58:59.621 INFO [http-nio-8080-exec-32] org.apache.jasper.servlet.TldScanner.scanJars Al menos un JAR, que se ha explorado buscando TLDs, aún no contenía TLDs. Activar historial de depuración para este historiador para una completa lista de los JARs que fueron explorados y de los que nos se halló TLDs. Saltarse JARs no necesarios durante la exploración puede dar lugar a una mejora de tiempo significativa en el arranque y compilación de JSP .
09-Oct-2024 09:58:59.622 INFO [http-nio-8080-exec-32] org.apache.catalina.core.StandardContext.reload Se ha completado la recarga de este Contexto
09-Oct-2024 09:58:59.951 INFO [http-nio-8080-exec-36] org.apache.catalina.core.StandardContext.reload Ha comenzado la recarga de Contexto [/Incidencias2]
09-Oct-2024 09:59:00.330 INFO [http-nio-8080-exec-36] org.apache.jasper.servlet.TldScanner.scanJars Al menos un JAR, que se ha explorado buscando TLDs, aún no contenía TLDs. Activar historial de depuración para este historiador para una completa lista de los JARs que fueron explorados y de los que nos se halló TLDs. Saltarse JARs no necesarios durante la exploración puede dar lugar a una mejora de tiempo significativa en el arranque y compilación de JSP .
09-Oct-2024 09:59:00.332 INFO [http-nio-8080-exec-36] org.apache.catalina.core.StandardContext.reload Se ha completado la recarga de este Contexto
09-Oct-2024 10:00:26.445 INFO [http-nio-8080-exec-40] org.apache.catalina.core.StandardContext.reload Ha comenzado la recarga de Contexto [/Incidencias2]
09-Oct-2024 10:00:26.824 INFO [http-nio-8080-exec-40] org.apache.jasper.servlet.TldScanner.scanJars Al menos un JAR, que se ha explorado buscando TLDs, aún no contenía TLDs. Activar historial de depuración para este historiador para una completa lista de los JARs que fueron explorados y de los que nos se halló TLDs. Saltarse JARs no necesarios durante la exploración puede dar lugar a una mejora de tiempo significativa en el arranque y compilación de JSP .
09-Oct-2024 10:00:26.826 INFO [http-nio-8080-exec-40] org.apache.catalina.core.StandardContext.reload Se ha completado la recarga de este Contexto
09-Oct-2024 10:00:27.156 INFO [http-nio-8080-exec-41] org.apache.catalina.core.StandardContext.reload Ha comenzado la recarga de Contexto [/Incidencias2]
09-Oct-2024 10:00:27.515 INFO [http-nio-8080-exec-41] org.apache.jasper.servlet.TldScanner.scanJars Al menos un JAR, que se ha explorado buscando TLDs, aún no contenía TLDs. Activar historial de depuración para este historiador para una completa lista de los JARs que fueron explorados y de los que nos se halló TLDs. Saltarse JARs no necesarios durante la exploración puede dar lugar a una mejora de tiempo significativa en el arranque y compilación de JSP .
09-Oct-2024 10:00:27.516 INFO [http-nio-8080-exec-41] org.apache.catalina.core.StandardContext.reload Se ha completado la recarga de este Contexto
09-Oct-2024 10:01:51.697 INFO [http-nio-8080-exec-44] org.apache.catalina.core.StandardContext.reload Ha comenzado la recarga de Contexto [/Incidencias2]
09-Oct-2024 10:01:52.064 INFO [http-nio-8080-exec-44] org.apache.jasper.servlet.TldScanner.scanJars Al menos un JAR, que se ha explorado buscando TLDs, aún no contenía TLDs. Activar historial de depuración para este historiador para una completa lista de los JARs que fueron explorados y de los que nos se halló TLDs. Saltarse JARs no necesarios durante la exploración puede dar lugar a una mejora de tiempo significativa en el arranque y compilación de JSP .
09-Oct-2024 10:01:52.066 INFO [http-nio-8080-exec-44] org.apache.catalina.core.StandardContext.reload Se ha completado la recarga de este Contexto
09-Oct-2024 10:02:20.164 INFO [http-nio-8080-exec-35] org.apache.catalina.core.StandardContext.reload Ha comenzado la recarga de Contexto [/Incidencias2]
09-Oct-2024 10:02:20.524 INFO [http-nio-8080-exec-35] org.apache.jasper.servlet.TldScanner.scanJars Al menos un JAR, que se ha explorado buscando TLDs, aún no contenía TLDs. Activar historial de depuración para este historiador para una completa lista de los JARs que fueron explorados y de los que nos se halló TLDs. Saltarse JARs no necesarios durante la exploración puede dar lugar a una mejora de tiempo significativa en el arranque y compilación de JSP .
09-Oct-2024 10:02:20.526 INFO [http-nio-8080-exec-35] org.apache.catalina.core.StandardContext.reload Se ha completado la recarga de este Contexto
09-Oct-2024 10:02:24.944 INFO [http-nio-8080-exec-31] org.apache.catalina.core.StandardContext.reload Ha comenzado la recarga de Contexto [/Incidencias2]
09-Oct-2024 10:02:25.300 INFO [http-nio-8080-exec-31] org.apache.jasper.servlet.TldScanner.scanJars Al menos un JAR, que se ha explorado buscando TLDs, aún no contenía TLDs. Activar historial de depuración para este historiador para una completa lista de los JARs que fueron explorados y de los que nos se halló TLDs. Saltarse JARs no necesarios durante la exploración puede dar lugar a una mejora de tiempo significativa en el arranque y compilación de JSP .
09-Oct-2024 10:02:25.300 INFO [http-nio-8080-exec-31] org.apache.catalina.core.StandardContext.reload Se ha completado la recarga de este Contexto
09-Oct-2024 10:02:25.629 INFO [http-nio-8080-exec-45] org.apache.catalina.core.StandardContext.reload Ha comenzado la recarga de Contexto [/Incidencias2]
09-Oct-2024 10:02:25.990 INFO [http-nio-8080-exec-45] org.apache.jasper.servlet.TldScanner.scanJars Al menos un JAR, que se ha explorado buscando TLDs, aún no contenía TLDs. Activar historial de depuración para este historiador para una completa lista de los JARs que fueron explorados y de los que nos se halló TLDs. Saltarse JARs no necesarios durante la exploración puede dar lugar a una mejora de tiempo significativa en el arranque y compilación de JSP .
09-Oct-2024 10:02:25.992 INFO [http-nio-8080-exec-45] org.apache.catalina.core.StandardContext.reload Se ha completado la recarga de este Contexto
09-Oct-2024 10:02:46.820 INFO [http-nio-8080-exec-38] org.apache.catalina.core.StandardContext.reload Ha comenzado la recarga de Contexto [/Incidencias2]
09-Oct-2024 10:02:47.160 INFO [http-nio-8080-exec-38] org.apache.jasper.servlet.TldScanner.scanJars Al menos un JAR, que se ha explorado buscando TLDs, aún no contenía TLDs. Activar historial de depuración para este historiador para una completa lista de los JARs que fueron explorados y de los que nos se halló TLDs. Saltarse JARs no necesarios durante la exploración puede dar lugar a una mejora de tiempo significativa en el arranque y compilación de JSP .
09-Oct-2024 10:02:47.161 INFO [http-nio-8080-exec-38] org.apache.catalina.core.StandardContext.reload Se ha completado la recarga de este Contexto
09-Oct-2024 10:03:23.964 INFO [http-nio-8080-exec-44] org.apache.catalina.core.StandardContext.reload Ha comenzado la recarga de Contexto [/Incidencias2]
09-Oct-2024 10:03:24.354 INFO [http-nio-8080-exec-44] org.apache.jasper.servlet.TldScanner.scanJars Al menos un JAR, que se ha explorado buscando TLDs, aún no contenía TLDs. Activar historial de depuración para este historiador para una completa lista de los JARs que fueron explorados y de los que nos se halló TLDs. Saltarse JARs no necesarios durante la exploración puede dar lugar a una mejora de tiempo significativa en el arranque y compilación de JSP .
09-Oct-2024 10:03:24.355 INFO [http-nio-8080-exec-44] org.apache.catalina.core.StandardContext.reload Se ha completado la recarga de este Contexto
09-Oct-2024 10:03:25.280 INFO [http-nio-8080-exec-33] org.apache.catalina.core.StandardContext.reload Ha comenzado la recarga de Contexto [/Incidencias2]
09-Oct-2024 10:03:25.633 INFO [http-nio-8080-exec-33] org.apache.jasper.servlet.TldScanner.scanJars Al menos un JAR, que se ha explorado buscando TLDs, aún no contenía TLDs. Activar historial de depuración para este historiador para una completa lista de los JARs que fueron explorados y de los que nos se halló TLDs. Saltarse JARs no necesarios durante la exploración puede dar lugar a una mejora de tiempo significativa en el arranque y compilación de JSP .
09-Oct-2024 10:03:25.635 INFO [http-nio-8080-exec-33] org.apache.catalina.core.StandardContext.reload Se ha completado la recarga de este Contexto
09-Oct-2024 10:03:25.637 INFO [http-nio-8080-exec-40] org.apache.catalina.core.StandardContext.reload Ha comenzado la recarga de Contexto [/Incidencias2]
09-Oct-2024 10:03:26.067 INFO [http-nio-8080-exec-40] org.apache.jasper.servlet.TldScanner.scanJars Al menos un JAR, que se ha explorado buscando TLDs, aún no contenía TLDs. Activar historial de depuración para este historiador para una completa lista de los JARs que fueron explorados y de los que nos se halló TLDs. Saltarse JARs no necesarios durante la exploración puede dar lugar a una mejora de tiempo significativa en el arranque y compilación de JSP .
09-Oct-2024 10:03:26.069 INFO [http-nio-8080-exec-40] org.apache.catalina.core.StandardContext.reload Se ha completado la recarga de este Contexto
09-Oct-2024 10:03:26.563 INFO [http-nio-8080-exec-51] org.apache.catalina.core.StandardContext.reload Ha comenzado la recarga de Contexto [/Incidencias2]
09-Oct-2024 10:03:26.914 INFO [http-nio-8080-exec-51] org.apache.jasper.servlet.TldScanner.scanJars Al menos un JAR, que se ha explorado buscando TLDs, aún no contenía TLDs. Activar historial de depuración para este historiador para una completa lista de los JARs que fueron explorados y de los que nos se halló TLDs. Saltarse JARs no necesarios durante la exploración puede dar lugar a una mejora de tiempo significativa en el arranque y compilación de JSP .
09-Oct-2024 10:03:26.916 INFO [http-nio-8080-exec-51] org.apache.catalina.core.StandardContext.reload Se ha completado la recarga de este Contexto
09-Oct-2024 10:04:36.173 INFO [http-nio-8080-exec-54] org.apache.catalina.core.StandardContext.reload Ha comenzado la recarga de Contexto [/Incidencias2]
09-Oct-2024 10:04:36.516 INFO [http-nio-8080-exec-54] org.apache.jasper.servlet.TldScanner.scanJars Al menos un JAR, que se ha explorado buscando TLDs, aún no contenía TLDs. Activar historial de depuración para este historiador para una completa lista de los JARs que fueron explorados y de los que nos se halló TLDs. Saltarse JARs no necesarios durante la exploración puede dar lugar a una mejora de tiempo significativa en el arranque y compilación de JSP .
09-Oct-2024 10:04:36.517 INFO [http-nio-8080-exec-54] org.apache.catalina.core.StandardContext.reload Se ha completado la recarga de este Contexto
09-Oct-2024 10:04:41.137 INFO [http-nio-8080-exec-53] org.apache.catalina.core.StandardContext.reload Ha comenzado la recarga de Contexto [/Incidencias2]
09-Oct-2024 10:04:41.469 INFO [http-nio-8080-exec-53] org.apache.jasper.servlet.TldScanner.scanJars Al menos un JAR, que se ha explorado buscando TLDs, aún no contenía TLDs. Activar historial de depuración para este historiador para una completa lista de los JARs que fueron explorados y de los que nos se halló TLDs. Saltarse JARs no necesarios durante la exploración puede dar lugar a una mejora de tiempo significativa en el arranque y compilación de JSP .
09-Oct-2024 10:04:41.471 INFO [http-nio-8080-exec-53] org.apache.catalina.core.StandardContext.reload Se ha completado la recarga de este Contexto
09-Oct-2024 10:12:07.597 INFO [http-nio-8080-exec-65] org.apache.catalina.startup.HostConfig.undeploy Repliegue (undeploy) de la aplicación web que tiene como trayectoria de contexto [/Incidencias2]
09-Oct-2024 10:12:07.623 INFO [http-nio-8080-exec-59] org.apache.catalina.startup.HostConfig.deployDescriptor Desplieque del descriptor de configuración [C:\Users\2º DAW\Desktop\DWES\apache-tomcat-10.1.29\conf\Catalina\localhost\Incidencias2.xml]
09-Oct-2024 10:12:07.625 WARNING [http-nio-8080-exec-59] org.apache.catalina.startup.HostConfig.deployDescriptor The path attribute with value [/Lista] in deployment descriptor [C:\Users\2º DAW\Desktop\DWES\apache-tomcat-10.1.29\conf\Catalina\localhost\Incidencias2.xml] has been ignored
09-Oct-2024 10:12:07.984 INFO [http-nio-8080-exec-59] org.apache.jasper.servlet.TldScanner.scanJars Al menos un JAR, que se ha explorado buscando TLDs, aún no contenía TLDs. Activar historial de depuración para este historiador para una completa lista de los JARs que fueron explorados y de los que nos se halló TLDs. Saltarse JARs no necesarios durante la exploración puede dar lugar a una mejora de tiempo significativa en el arranque y compilación de JSP .
09-Oct-2024 10:12:07.986 INFO [http-nio-8080-exec-59] org.apache.catalina.startup.HostConfig.deployDescriptor Deployment of deployment descriptor [C:\Users\2º DAW\Desktop\DWES\apache-tomcat-10.1.29\conf\Catalina\localhost\Incidencias2.xml] has finished in [363] ms
09-Oct-2024 10:12:54.063 INFO [http-nio-8080-exec-70] org.apache.catalina.startup.HostConfig.undeploy Repliegue (undeploy) de la aplicación web que tiene como trayectoria de contexto [/Incidencias2]
09-Oct-2024 10:12:54.096 INFO [http-nio-8080-exec-61] org.apache.catalina.startup.HostConfig.deployDescriptor Desplieque del descriptor de configuración [C:\Users\2º DAW\Desktop\DWES\apache-tomcat-10.1.29\conf\Catalina\localhost\Lista.xml]
09-Oct-2024 10:12:54.097 WARNING [http-nio-8080-exec-61] org.apache.catalina.startup.HostConfig.deployDescriptor The path attribute with value [/Lista] in deployment descriptor [C:\Users\2º DAW\Desktop\DWES\apache-tomcat-10.1.29\conf\Catalina\localhost\Lista.xml] has been ignored
09-Oct-2024 10:12:54.449 INFO [http-nio-8080-exec-61] org.apache.jasper.servlet.TldScanner.scanJars Al menos un JAR, que se ha explorado buscando TLDs, aún no contenía TLDs. Activar historial de depuración para este historiador para una completa lista de los JARs que fueron explorados y de los que nos se halló TLDs. Saltarse JARs no necesarios durante la exploración puede dar lugar a una mejora de tiempo significativa en el arranque y compilación de JSP .
09-Oct-2024 10:12:54.452 INFO [http-nio-8080-exec-61] org.apache.catalina.startup.HostConfig.deployDescriptor Deployment of deployment descriptor [C:\Users\2º DAW\Desktop\DWES\apache-tomcat-10.1.29\conf\Catalina\localhost\Lista.xml] has finished in [356] ms
09-Oct-2024 10:12:54.454 INFO [http-nio-8080-exec-69] org.apache.catalina.util.LifecycleBase.start The start() method was called on component [StandardEngine[Catalina].StandardHost[localhost].StandardContext[/Lista]] after start() had already been called. The second call will be ignored.
09-Oct-2024 10:18:12.232 INFO [http-nio-8080-exec-81] org.apache.catalina.startup.HostConfig.undeploy Repliegue (undeploy) de la aplicación web que tiene como trayectoria de contexto [/Lista]
09-Oct-2024 10:18:12.247 INFO [http-nio-8080-exec-82] org.apache.catalina.startup.HostConfig.deployDescriptor Desplieque del descriptor de configuración [C:\Users\2º DAW\Desktop\DWES\apache-tomcat-10.1.29\conf\Catalina\localhost\Lista.xml]
09-Oct-2024 10:18:12.248 WARNING [http-nio-8080-exec-82] org.apache.catalina.startup.HostConfig.deployDescriptor The path attribute with value [/Lista] in deployment descriptor [C:\Users\2º DAW\Desktop\DWES\apache-tomcat-10.1.29\conf\Catalina\localhost\Lista.xml] has been ignored
09-Oct-2024 10:18:12.587 INFO [http-nio-8080-exec-82] org.apache.jasper.servlet.TldScanner.scanJars Al menos un JAR, que se ha explorado buscando TLDs, aún no contenía TLDs. Activar historial de depuración para este historiador para una completa lista de los JARs que fueron explorados y de los que nos se halló TLDs. Saltarse JARs no necesarios durante la exploración puede dar lugar a una mejora de tiempo significativa en el arranque y compilación de JSP .
09-Oct-2024 10:18:12.589 INFO [http-nio-8080-exec-82] org.apache.catalina.startup.HostConfig.deployDescriptor Deployment of deployment descriptor [C:\Users\2º DAW\Desktop\DWES\apache-tomcat-10.1.29\conf\Catalina\localhost\Lista.xml] has finished in [342] ms
09-Oct-2024 10:18:12.591 INFO [http-nio-8080-exec-73] org.apache.catalina.util.LifecycleBase.start The start() method was called on component [StandardEngine[Catalina].StandardHost[localhost].StandardContext[/Lista]] after start() had already been called. The second call will be ignored.
09-Oct-2024 10:18:22.192 INFO [main] org.apache.catalina.core.StandardServer.await Se ha recibido un comando de apagado a través del puerto de apagado. Parando la instancia del Servidor.
09-Oct-2024 10:18:22.193 INFO [main] org.apache.coyote.AbstractProtocol.pause Pausing ProtocolHandler ["http-nio-8080"]
09-Oct-2024 10:18:22.196 INFO [main] org.apache.catalina.core.StandardService.stopInternal Parando servicio [Catalina]
09-Oct-2024 10:18:22.210 INFO [main] org.apache.coyote.AbstractProtocol.stop Stopping ProtocolHandler ["http-nio-8080"]
09-Oct-2024 10:18:22.228 INFO [main] org.apache.coyote.AbstractProtocol.destroy Destroying ProtocolHandler ["http-nio-8080"]
09-Oct-2024 10:18:33.073 INFO [main] org.apache.catalina.startup.VersionLoggerListener.log Nombre de la versión del servidor: Apache Tomcat/10.1.29
09-Oct-2024 10:18:33.076 INFO [main] org.apache.catalina.startup.VersionLoggerListener.log Server built:                      Sep 5 2024 14:23:34 UTC
09-Oct-2024 10:18:33.076 INFO [main] org.apache.catalina.startup.VersionLoggerListener.log Número de versión de servidor:     10.1.29.0
09-Oct-2024 10:18:33.076 INFO [main] org.apache.catalina.startup.VersionLoggerListener.log OS Name:                           Windows 10
09-Oct-2024 10:18:33.076 INFO [main] org.apache.catalina.startup.VersionLoggerListener.log Versión de Systema Operativo:      10.0
09-Oct-2024 10:18:33.076 INFO [main] org.apache.catalina.startup.VersionLoggerListener.log Arquitectura:                      amd64
09-Oct-2024 10:18:33.076 INFO [main] org.apache.catalina.startup.VersionLoggerListener.log Java Home:                         C:\Program Files\Java\jdk-22
09-Oct-2024 10:18:33.076 INFO [main] org.apache.catalina.startup.VersionLoggerListener.log JVM Version:                       22.0.1+8-16
09-Oct-2024 10:18:33.076 INFO [main] org.apache.catalina.startup.VersionLoggerListener.log Vededor JVM:                       Oracle Corporation
09-Oct-2024 10:18:33.076 INFO [main] org.apache.catalina.startup.VersionLoggerListener.log CATALINA_BASE:                     C:\Users\2º DAW\Desktop\DWES\apache-tomcat-10.1.29
09-Oct-2024 10:18:33.076 INFO [main] org.apache.catalina.startup.VersionLoggerListener.log CATALINA_HOME:                     C:\Users\2º DAW\Desktop\DWES\apache-tomcat-10.1.29
09-Oct-2024 10:18:33.085 INFO [main] org.apache.catalina.startup.VersionLoggerListener.log Command line argument:             -Djava.util.logging.config.file=C:\Users\2º DAW\Desktop\DWES\apache-tomcat-10.1.29\conf\logging.properties
09-Oct-2024 10:18:33.085 INFO [main] org.apache.catalina.startup.VersionLoggerListener.log Command line argument:             -Djava.util.logging.manager=org.apache.juli.ClassLoaderLogManager
09-Oct-2024 10:18:33.085 INFO [main] org.apache.catalina.startup.VersionLoggerListener.log Command line argument:             -Djdk.tls.ephemeralDHKeySize=2048
09-Oct-2024 10:18:33.085 INFO [main] org.apache.catalina.startup.VersionLoggerListener.log Command line argument:             -Djava.protocol.handler.pkgs=org.apache.catalina.webresources
09-Oct-2024 10:18:33.085 INFO [main] org.apache.catalina.startup.VersionLoggerListener.log Command line argument:             --add-opens=java.base/java.lang=ALL-UNNAMED
09-Oct-2024 10:18:33.085 INFO [main] org.apache.catalina.startup.VersionLoggerListener.log Command line argument:             --add-opens=java.base/java.io=ALL-UNNAMED
09-Oct-2024 10:18:33.085 INFO [main] org.apache.catalina.startup.VersionLoggerListener.log Command line argument:             --add-opens=java.base/java.util=ALL-UNNAMED
09-Oct-2024 10:18:33.085 INFO [main] org.apache.catalina.startup.VersionLoggerListener.log Command line argument:             --add-opens=java.base/java.util.concurrent=ALL-UNNAMED
09-Oct-2024 10:18:33.086 INFO [main] org.apache.catalina.startup.VersionLoggerListener.log Command line argument:             --add-opens=java.rmi/sun.rmi.transport=ALL-UNNAMED
09-Oct-2024 10:18:33.086 INFO [main] org.apache.catalina.startup.VersionLoggerListener.log Command line argument:             -Dcatalina.base=C:\Users\2º DAW\Desktop\DWES\apache-tomcat-10.1.29
09-Oct-2024 10:18:33.086 INFO [main] org.apache.catalina.startup.VersionLoggerListener.log Command line argument:             -Dcatalina.home=C:\Users\2º DAW\Desktop\DWES\apache-tomcat-10.1.29
09-Oct-2024 10:18:33.086 INFO [main] org.apache.catalina.startup.VersionLoggerListener.log Command line argument:             -Djava.io.tmpdir=C:\Users\2º DAW\Desktop\DWES\apache-tomcat-10.1.29\temp
09-Oct-2024 10:18:33.088 INFO [main] org.apache.catalina.core.AprLifecycleListener.lifecycleEvent Cargada la biblioteca nativa APR de Apache Tomcat [2.0.8] con la versión APR [1.7.4].
09-Oct-2024 10:18:33.088 INFO [main] org.apache.catalina.core.AprLifecycleListener.initializeSSL OpenSSL inicializado correctamente [OpenSSL 3.0.14 4 Jun 2024]
09-Oct-2024 10:18:33.414 INFO [main] org.apache.coyote.AbstractProtocol.init Inicializando el manejador de protocolo ["http-nio-8080"]

09-Oct-2024 10:18:33.434 INFO [main] org.apache.catalina.startup.Catalina.load Server initialization in [534] milliseconds
09-Oct-2024 10:18:33.473 INFO [main] org.apache.catalina.core.StandardService.startInternal Arrancando servicio [Catalina]
09-Oct-2024 10:18:33.473 INFO [main] org.apache.catalina.core.StandardEngine.startInternal Starting Servlet engine: [Apache Tomcat/10.1.29]
09-Oct-2024 10:18:33.482 INFO [main] org.apache.catalina.startup.HostConfig.deployDescriptor Desplieque del descriptor de configuración [C:\Users\2º DAW\Desktop\DWES\apache-tomcat-10.1.29\conf\Catalina\localhost\Democlase.xml]
09-Oct-2024 10:18:33.496 WARNING [main] org.apache.catalina.startup.HostConfig.deployDescriptor The path attribute with value [/Democlase] in deployment descriptor [C:\Users\2º DAW\Desktop\DWES\apache-tomcat-10.1.29\conf\Catalina\localhost\Democlase.xml] has been ignored
09-Oct-2024 10:18:34.138 INFO [main] org.apache.jasper.servlet.TldScanner.scanJars Al menos un JAR, que se ha explorado buscando TLDs, aún no contenía TLDs. Activar historial de depuración para este historiador para una completa lista de los JARs que fueron explorados y de los que nos se halló TLDs. Saltarse JARs no necesarios durante la exploración puede dar lugar a una mejora de tiempo significativa en el arranque y compilación de JSP .
09-Oct-2024 10:18:34.185 INFO [main] org.apache.catalina.startup.HostConfig.deployDescriptor Deployment of deployment descriptor [C:\Users\2º DAW\Desktop\DWES\apache-tomcat-10.1.29\conf\Catalina\localhost\Democlase.xml] has finished in [700] ms
09-Oct-2024 10:18:34.185 INFO [main] org.apache.catalina.startup.HostConfig.deployDescriptor Desplieque del descriptor de configuración [C:\Users\2º DAW\Desktop\DWES\apache-tomcat-10.1.29\conf\Catalina\localhost\Lista.xml]
09-Oct-2024 10:18:34.186 WARNING [main] org.apache.catalina.startup.HostConfig.deployDescriptor The path attribute with value [/Lista] in deployment descriptor [C:\Users\2º DAW\Desktop\DWES\apache-tomcat-10.1.29\conf\Catalina\localhost\Lista.xml] has been ignored
09-Oct-2024 10:18:34.576 INFO [main] java.util.ArrayList.forEach Name = incidencias2 Ignoring unknown property: value of "false" for "useSSL" property
09-Oct-2024 10:18:34.576 INFO [main] java.util.ArrayList.forEach Name = incidencias2 Ignoring unknown property: value of "true" for "allowPublicKeyRetrieval" property
09-Oct-2024 10:18:34.576 INFO [main] java.util.ArrayList.forEach Name = incidencias2 Ignoring unknown property: value of "UTC" for "serverTimezone" property
09-Oct-2024 10:18:34.610 INFO [main] org.apache.jasper.servlet.TldScanner.scanJars Al menos un JAR, que se ha explorado buscando TLDs, aún no contenía TLDs. Activar historial de depuración para este historiador para una completa lista de los JARs que fueron explorados y de los que nos se halló TLDs. Saltarse JARs no necesarios durante la exploración puede dar lugar a una mejora de tiempo significativa en el arranque y compilación de JSP .
09-Oct-2024 10:18:34.612 INFO [main] org.apache.catalina.startup.HostConfig.deployDescriptor Deployment of deployment descriptor [C:\Users\2º DAW\Desktop\DWES\apache-tomcat-10.1.29\conf\Catalina\localhost\Lista.xml] has finished in [427] ms
09-Oct-2024 10:18:34.613 INFO [main] org.apache.catalina.startup.HostConfig.deployDirectory Desplegando el directorio [C:\Users\2º DAW\Desktop\DWES\apache-tomcat-10.1.29\webapps\docs] de la aplicación web
09-Oct-2024 10:18:34.961 INFO [main] org.apache.jasper.servlet.TldScanner.scanJars Al menos un JAR, que se ha explorado buscando TLDs, aún no contenía TLDs. Activar historial de depuración para este historiador para una completa lista de los JARs que fueron explorados y de los que nos se halló TLDs. Saltarse JARs no necesarios durante la exploración puede dar lugar a una mejora de tiempo significativa en el arranque y compilación de JSP .
09-Oct-2024 10:18:34.964 INFO [main] org.apache.catalina.startup.HostConfig.deployDirectory Deployment of web application directory [C:\Users\2º DAW\Desktop\DWES\apache-tomcat-10.1.29\webapps\docs] has finished in [350] ms
09-Oct-2024 10:18:34.964 INFO [main] org.apache.catalina.startup.HostConfig.deployDirectory Desplegando el directorio [C:\Users\2º DAW\Desktop\DWES\apache-tomcat-10.1.29\webapps\examples] de la aplicación web
09-Oct-2024 10:18:35.599 INFO [main] org.apache.jasper.servlet.TldScanner.scanJars Al menos un JAR, que se ha explorado buscando TLDs, aún no contenía TLDs. Activar historial de depuración para este historiador para una completa lista de los JARs que fueron explorados y de los que nos se halló TLDs. Saltarse JARs no necesarios durante la exploración puede dar lugar a una mejora de tiempo significativa en el arranque y compilación de JSP .
09-Oct-2024 10:18:35.657 INFO [main] org.apache.catalina.startup.HostConfig.deployDirectory Deployment of web application directory [C:\Users\2º DAW\Desktop\DWES\apache-tomcat-10.1.29\webapps\examples] has finished in [693] ms
09-Oct-2024 10:18:35.658 INFO [main] org.apache.catalina.startup.HostConfig.deployDirectory Desplegando el directorio [C:\Users\2º DAW\Desktop\DWES\apache-tomcat-10.1.29\webapps\host-manager] de la aplicación web
09-Oct-2024 10:18:36.032 INFO [main] org.apache.jasper.servlet.TldScanner.scanJars Al menos un JAR, que se ha explorado buscando TLDs, aún no contenía TLDs. Activar historial de depuración para este historiador para una completa lista de los JARs que fueron explorados y de los que nos se halló TLDs. Saltarse JARs no necesarios durante la exploración puede dar lugar a una mejora de tiempo significativa en el arranque y compilación de JSP .
09-Oct-2024 10:18:36.039 INFO [main] org.apache.catalina.startup.HostConfig.deployDirectory Deployment of web application directory [C:\Users\2º DAW\Desktop\DWES\apache-tomcat-10.1.29\webapps\host-manager] has finished in [380] ms
09-Oct-2024 10:18:36.039 INFO [main] org.apache.catalina.startup.HostConfig.deployDirectory Desplegando el directorio [C:\Users\2º DAW\Desktop\DWES\apache-tomcat-10.1.29\webapps\manager] de la aplicación web
09-Oct-2024 10:18:36.364 INFO [main] org.apache.jasper.servlet.TldScanner.scanJars Al menos un JAR, que se ha explorado buscando TLDs, aún no contenía TLDs. Activar historial de depuración para este historiador para una completa lista de los JARs que fueron explorados y de los que nos se halló TLDs. Saltarse JARs no necesarios durante la exploración puede dar lugar a una mejora de tiempo significativa en el arranque y compilación de JSP .
09-Oct-2024 10:18:36.366 INFO [main] org.apache.catalina.startup.HostConfig.deployDirectory Deployment of web application directory [C:\Users\2º DAW\Desktop\DWES\apache-tomcat-10.1.29\webapps\manager] has finished in [327] ms
09-Oct-2024 10:18:36.366 INFO [main] org.apache.catalina.startup.HostConfig.deployDirectory Desplegando el directorio [C:\Users\2º DAW\Desktop\DWES\apache-tomcat-10.1.29\webapps\ROOT] de la aplicación web
09-Oct-2024 10:18:36.691 INFO [main] org.apache.jasper.servlet.TldScanner.scanJars Al menos un JAR, que se ha explorado buscando TLDs, aún no contenía TLDs. Activar historial de depuración para este historiador para una completa lista de los JARs que fueron explorados y de los que nos se halló TLDs. Saltarse JARs no necesarios durante la exploración puede dar lugar a una mejora de tiempo significativa en el arranque y compilación de JSP .
09-Oct-2024 10:18:36.693 INFO [main] org.apache.catalina.startup.HostConfig.deployDirectory Deployment of web application directory [C:\Users\2º DAW\Desktop\DWES\apache-tomcat-10.1.29\webapps\ROOT] has finished in [327] ms
09-Oct-2024 10:18:36.698 INFO [main] org.apache.coyote.AbstractProtocol.start Starting ProtocolHandler ["http-nio-8080"]
09-Oct-2024 10:18:36.716 INFO [main] org.apache.catalina.startup.Catalina.start Server startup in [3282] milliseconds
09-Oct-2024 10:18:37.522 INFO [http-nio-8080-exec-8] org.apache.catalina.startup.HostConfig.undeploy Repliegue (undeploy) de la aplicación web que tiene como trayectoria de contexto [/Lista]
09-Oct-2024 10:18:37.569 INFO [http-nio-8080-exec-3] org.apache.catalina.startup.HostConfig.deployDescriptor Desplieque del descriptor de configuración [C:\Users\2º DAW\Desktop\DWES\apache-tomcat-10.1.29\conf\Catalina\localhost\Lista.xml]
09-Oct-2024 10:18:37.569 WARNING [http-nio-8080-exec-3] org.apache.catalina.startup.HostConfig.deployDescriptor The path attribute with value [/Lista] in deployment descriptor [C:\Users\2º DAW\Desktop\DWES\apache-tomcat-10.1.29\conf\Catalina\localhost\Lista.xml] has been ignored
09-Oct-2024 10:18:37.956 INFO [http-nio-8080-exec-3] org.apache.jasper.servlet.TldScanner.scanJars Al menos un JAR, que se ha explorado buscando TLDs, aún no contenía TLDs. Activar historial de depuración para este historiador para una completa lista de los JARs que fueron explorados y de los que nos se halló TLDs. Saltarse JARs no necesarios durante la exploración puede dar lugar a una mejora de tiempo significativa en el arranque y compilación de JSP .
09-Oct-2024 10:18:37.959 INFO [http-nio-8080-exec-3] org.apache.catalina.startup.HostConfig.deployDescriptor Deployment of deployment descriptor [C:\Users\2º DAW\Desktop\DWES\apache-tomcat-10.1.29\conf\Catalina\localhost\Lista.xml] has finished in [389] ms
09-Oct-2024 10:18:37.961 INFO [http-nio-8080-exec-7] org.apache.catalina.util.LifecycleBase.start The start() method was called on component [StandardEngine[Catalina].StandardHost[localhost].StandardContext[/Lista]] after start() had already been called. The second call will be ignored.
09-Oct-2024 10:19:04.093 INFO [http-nio-8080-exec-13] org.apache.catalina.core.StandardContext.reload Ha comenzado la recarga de Contexto [/Lista]
09-Oct-2024 10:19:04.465 INFO [http-nio-8080-exec-13] org.apache.jasper.servlet.TldScanner.scanJars Al menos un JAR, que se ha explorado buscando TLDs, aún no contenía TLDs. Activar historial de depuración para este historiador para una completa lista de los JARs que fueron explorados y de los que nos se halló TLDs. Saltarse JARs no necesarios durante la exploración puede dar lugar a una mejora de tiempo significativa en el arranque y compilación de JSP .
09-Oct-2024 10:19:04.467 INFO [http-nio-8080-exec-13] org.apache.catalina.core.StandardContext.reload Se ha completado la recarga de este Contexto
09-Oct-2024 10:19:09.191 INFO [http-nio-8080-exec-4] org.apache.catalina.core.StandardContext.reload Ha comenzado la recarga de Contexto [/Lista]
09-Oct-2024 10:19:09.564 INFO [http-nio-8080-exec-4] org.apache.jasper.servlet.TldScanner.scanJars Al menos un JAR, que se ha explorado buscando TLDs, aún no contenía TLDs. Activar historial de depuración para este historiador para una completa lista de los JARs que fueron explorados y de los que nos se halló TLDs. Saltarse JARs no necesarios durante la exploración puede dar lugar a una mejora de tiempo significativa en el arranque y compilación de JSP .
09-Oct-2024 10:19:09.565 INFO [http-nio-8080-exec-4] org.apache.catalina.core.StandardContext.reload Se ha completado la recarga de este Contexto
09-Oct-2024 10:19:09.893 INFO [http-nio-8080-exec-2] org.apache.catalina.core.StandardContext.reload Ha comenzado la recarga de Contexto [/Lista]
09-Oct-2024 10:19:10.333 INFO [http-nio-8080-exec-2] org.apache.jasper.servlet.TldScanner.scanJars Al menos un JAR, que se ha explorado buscando TLDs, aún no contenía TLDs. Activar historial de depuración para este historiador para una completa lista de los JARs que fueron explorados y de los que nos se halló TLDs. Saltarse JARs no necesarios durante la exploración puede dar lugar a una mejora de tiempo significativa en el arranque y compilación de JSP .
09-Oct-2024 10:19:10.334 INFO [http-nio-8080-exec-2] org.apache.catalina.core.StandardContext.reload Se ha completado la recarga de este Contexto
09-Oct-2024 10:46:01.129 INFO [http-nio-8080-exec-18] org.apache.catalina.core.StandardContext.reload Ha comenzado la recarga de Contexto [/Lista]
09-Oct-2024 10:46:01.489 INFO [http-nio-8080-exec-18] org.apache.jasper.servlet.TldScanner.scanJars Al menos un JAR, que se ha explorado buscando TLDs, aún no contenía TLDs. Activar historial de depuración para este historiador para una completa lista de los JARs que fueron explorados y de los que nos se halló TLDs. Saltarse JARs no necesarios durante la exploración puede dar lugar a una mejora de tiempo significativa en el arranque y compilación de JSP .
09-Oct-2024 10:46:01.489 INFO [http-nio-8080-exec-18] org.apache.catalina.core.StandardContext.reload Se ha completado la recarga de este Contexto
09-Oct-2024 10:46:27.159 INFO [http-nio-8080-exec-24] org.apache.catalina.core.StandardContext.reload Ha comenzado la recarga de Contexto [/Lista]
09-Oct-2024 10:46:27.501 INFO [http-nio-8080-exec-24] org.apache.jasper.servlet.TldScanner.scanJars Al menos un JAR, que se ha explorado buscando TLDs, aún no contenía TLDs. Activar historial de depuración para este historiador para una completa lista de los JARs que fueron explorados y de los que nos se halló TLDs. Saltarse JARs no necesarios durante la exploración puede dar lugar a una mejora de tiempo significativa en el arranque y compilación de JSP .
09-Oct-2024 10:46:27.503 INFO [http-nio-8080-exec-24] org.apache.catalina.core.StandardContext.reload Se ha completado la recarga de este Contexto
09-Oct-2024 10:46:29.681 INFO [http-nio-8080-exec-22] org.apache.catalina.core.StandardContext.reload Ha comenzado la recarga de Contexto [/Lista]
09-Oct-2024 10:46:30.023 INFO [http-nio-8080-exec-22] org.apache.jasper.servlet.TldScanner.scanJars Al menos un JAR, que se ha explorado buscando TLDs, aún no contenía TLDs. Activar historial de depuración para este historiador para una completa lista de los JARs que fueron explorados y de los que nos se halló TLDs. Saltarse JARs no necesarios durante la exploración puede dar lugar a una mejora de tiempo significativa en el arranque y compilación de JSP .
09-Oct-2024 10:46:30.025 INFO [http-nio-8080-exec-22] org.apache.catalina.core.StandardContext.reload Se ha completado la recarga de este Contexto
09-Oct-2024 10:46:32.776 INFO [main] org.apache.catalina.core.StandardServer.await Se ha recibido un comando de apagado a través del puerto de apagado. Parando la instancia del Servidor.
09-Oct-2024 10:46:32.776 INFO [main] org.apache.coyote.AbstractProtocol.pause Pausing ProtocolHandler ["http-nio-8080"]
09-Oct-2024 10:46:32.779 INFO [main] org.apache.catalina.core.StandardService.stopInternal Parando servicio [Catalina]
09-Oct-2024 10:46:32.794 INFO [main] org.apache.coyote.AbstractProtocol.stop Stopping ProtocolHandler ["http-nio-8080"]
09-Oct-2024 10:46:32.806 INFO [main] org.apache.coyote.AbstractProtocol.destroy Destroying ProtocolHandler ["http-nio-8080"]
09-Oct-2024 10:58:33.544 INFO [main] org.apache.catalina.startup.VersionLoggerListener.log Nombre de la versión del servidor: Apache Tomcat/10.1.29
09-Oct-2024 10:58:33.548 INFO [main] org.apache.catalina.startup.VersionLoggerListener.log Server built:                      Sep 5 2024 14:23:34 UTC
09-Oct-2024 10:58:33.548 INFO [main] org.apache.catalina.startup.VersionLoggerListener.log Número de versión de servidor:     10.1.29.0
09-Oct-2024 10:58:33.548 INFO [main] org.apache.catalina.startup.VersionLoggerListener.log OS Name:                           Windows 10
09-Oct-2024 10:58:33.548 INFO [main] org.apache.catalina.startup.VersionLoggerListener.log Versión de Systema Operativo:      10.0
09-Oct-2024 10:58:33.548 INFO [main] org.apache.catalina.startup.VersionLoggerListener.log Arquitectura:                      amd64
09-Oct-2024 10:58:33.549 INFO [main] org.apache.catalina.startup.VersionLoggerListener.log Java Home:                         C:\Program Files\Java\jdk-22
09-Oct-2024 10:58:33.549 INFO [main] org.apache.catalina.startup.VersionLoggerListener.log JVM Version:                       22.0.1+8-16
09-Oct-2024 10:58:33.549 INFO [main] org.apache.catalina.startup.VersionLoggerListener.log Vededor JVM:                       Oracle Corporation
09-Oct-2024 10:58:33.549 INFO [main] org.apache.catalina.startup.VersionLoggerListener.log CATALINA_BASE:                     C:\Users\2º DAW\Desktop\DWES\apache-tomcat-10.1.29
09-Oct-2024 10:58:33.549 INFO [main] org.apache.catalina.startup.VersionLoggerListener.log CATALINA_HOME:                     C:\Users\2º DAW\Desktop\DWES\apache-tomcat-10.1.29
09-Oct-2024 10:58:33.560 INFO [main] org.apache.catalina.startup.VersionLoggerListener.log Command line argument:             -Djava.util.logging.config.file=C:\Users\2º DAW\Desktop\DWES\apache-tomcat-10.1.29\conf\logging.properties
09-Oct-2024 10:58:33.560 INFO [main] org.apache.catalina.startup.VersionLoggerListener.log Command line argument:             -Djava.util.logging.manager=org.apache.juli.ClassLoaderLogManager
09-Oct-2024 10:58:33.560 INFO [main] org.apache.catalina.startup.VersionLoggerListener.log Command line argument:             -Djdk.tls.ephemeralDHKeySize=2048
09-Oct-2024 10:58:33.560 INFO [main] org.apache.catalina.startup.VersionLoggerListener.log Command line argument:             -Djava.protocol.handler.pkgs=org.apache.catalina.webresources
09-Oct-2024 10:58:33.561 INFO [main] org.apache.catalina.startup.VersionLoggerListener.log Command line argument:             --add-opens=java.base/java.lang=ALL-UNNAMED
09-Oct-2024 10:58:33.561 INFO [main] org.apache.catalina.startup.VersionLoggerListener.log Command line argument:             --add-opens=java.base/java.io=ALL-UNNAMED
09-Oct-2024 10:58:33.561 INFO [main] org.apache.catalina.startup.VersionLoggerListener.log Command line argument:             --add-opens=java.base/java.util=ALL-UNNAMED
09-Oct-2024 10:58:33.561 INFO [main] org.apache.catalina.startup.VersionLoggerListener.log Command line argument:             --add-opens=java.base/java.util.concurrent=ALL-UNNAMED
09-Oct-2024 10:58:33.561 INFO [main] org.apache.catalina.startup.VersionLoggerListener.log Command line argument:             --add-opens=java.rmi/sun.rmi.transport=ALL-UNNAMED
09-Oct-2024 10:58:33.561 INFO [main] org.apache.catalina.startup.VersionLoggerListener.log Command line argument:             -Dcatalina.base=C:\Users\2º DAW\Desktop\DWES\apache-tomcat-10.1.29
09-Oct-2024 10:58:33.562 INFO [main] org.apache.catalina.startup.VersionLoggerListener.log Command line argument:             -Dcatalina.home=C:\Users\2º DAW\Desktop\DWES\apache-tomcat-10.1.29
09-Oct-2024 10:58:33.562 INFO [main] org.apache.catalina.startup.VersionLoggerListener.log Command line argument:             -Djava.io.tmpdir=C:\Users\2º DAW\Desktop\DWES\apache-tomcat-10.1.29\temp
09-Oct-2024 10:58:33.564 INFO [main] org.apache.catalina.core.AprLifecycleListener.lifecycleEvent Cargada la biblioteca nativa APR de Apache Tomcat [2.0.8] con la versión APR [1.7.4].
09-Oct-2024 10:58:33.570 INFO [main] org.apache.catalina.core.AprLifecycleListener.initializeSSL OpenSSL inicializado correctamente [OpenSSL 3.0.14 4 Jun 2024]
09-Oct-2024 10:58:33.846 INFO [main] org.apache.coyote.AbstractProtocol.init Inicializando el manejador de protocolo ["http-nio-8080"]

09-Oct-2024 10:58:33.869 INFO [main] org.apache.catalina.startup.Catalina.load Server initialization in [517] milliseconds
09-Oct-2024 10:58:33.910 INFO [main] org.apache.catalina.core.StandardService.startInternal Arrancando servicio [Catalina]
09-Oct-2024 10:58:33.910 INFO [main] org.apache.catalina.core.StandardEngine.startInternal Starting Servlet engine: [Apache Tomcat/10.1.29]
09-Oct-2024 10:58:33.919 INFO [main] org.apache.catalina.startup.HostConfig.deployDescriptor Desplieque del descriptor de configuración [C:\Users\2º DAW\Desktop\DWES\apache-tomcat-10.1.29\conf\Catalina\localhost\Democlase.xml]
09-Oct-2024 10:58:33.933 WARNING [main] org.apache.catalina.startup.HostConfig.deployDescriptor The path attribute with value [/Democlase] in deployment descriptor [C:\Users\2º DAW\Desktop\DWES\apache-tomcat-10.1.29\conf\Catalina\localhost\Democlase.xml] has been ignored
09-Oct-2024 10:58:34.590 INFO [main] org.apache.jasper.servlet.TldScanner.scanJars Al menos un JAR, que se ha explorado buscando TLDs, aún no contenía TLDs. Activar historial de depuración para este historiador para una completa lista de los JARs que fueron explorados y de los que nos se halló TLDs. Saltarse JARs no necesarios durante la exploración puede dar lugar a una mejora de tiempo significativa en el arranque y compilación de JSP .
09-Oct-2024 10:58:34.636 INFO [main] org.apache.catalina.startup.HostConfig.deployDescriptor Deployment of deployment descriptor [C:\Users\2º DAW\Desktop\DWES\apache-tomcat-10.1.29\conf\Catalina\localhost\Democlase.xml] has finished in [715] ms
09-Oct-2024 10:58:34.637 INFO [main] org.apache.catalina.startup.HostConfig.deployDescriptor Desplieque del descriptor de configuración [C:\Users\2º DAW\Desktop\DWES\apache-tomcat-10.1.29\conf\Catalina\localhost\Lista.xml]
09-Oct-2024 10:58:34.638 WARNING [main] org.apache.catalina.startup.HostConfig.deployDescriptor The path attribute with value [/Lista] in deployment descriptor [C:\Users\2º DAW\Desktop\DWES\apache-tomcat-10.1.29\conf\Catalina\localhost\Lista.xml] has been ignored
09-Oct-2024 10:58:35.029 INFO [main] java.util.ArrayList.forEach Name = incidencias2 Ignoring unknown property: value of "false" for "useSSL" property
09-Oct-2024 10:58:35.029 INFO [main] java.util.ArrayList.forEach Name = incidencias2 Ignoring unknown property: value of "true" for "allowPublicKeyRetrieval" property
09-Oct-2024 10:58:35.029 INFO [main] java.util.ArrayList.forEach Name = incidencias2 Ignoring unknown property: value of "UTC" for "serverTimezone" property
09-Oct-2024 10:58:35.057 INFO [main] org.apache.jasper.servlet.TldScanner.scanJars Al menos un JAR, que se ha explorado buscando TLDs, aún no contenía TLDs. Activar historial de depuración para este historiador para una completa lista de los JARs que fueron explorados y de los que nos se halló TLDs. Saltarse JARs no necesarios durante la exploración puede dar lugar a una mejora de tiempo significativa en el arranque y compilación de JSP .
09-Oct-2024 10:58:35.060 INFO [main] org.apache.catalina.startup.HostConfig.deployDescriptor Deployment of deployment descriptor [C:\Users\2º DAW\Desktop\DWES\apache-tomcat-10.1.29\conf\Catalina\localhost\Lista.xml] has finished in [423] ms
09-Oct-2024 10:58:35.060 INFO [main] org.apache.catalina.startup.HostConfig.deployDirectory Desplegando el directorio [C:\Users\2º DAW\Desktop\DWES\apache-tomcat-10.1.29\webapps\docs] de la aplicación web
09-Oct-2024 10:58:35.405 INFO [main] org.apache.jasper.servlet.TldScanner.scanJars Al menos un JAR, que se ha explorado buscando TLDs, aún no contenía TLDs. Activar historial de depuración para este historiador para una completa lista de los JARs que fueron explorados y de los que nos se halló TLDs. Saltarse JARs no necesarios durante la exploración puede dar lugar a una mejora de tiempo significativa en el arranque y compilación de JSP .
09-Oct-2024 10:58:35.407 INFO [main] org.apache.catalina.startup.HostConfig.deployDirectory Deployment of web application directory [C:\Users\2º DAW\Desktop\DWES\apache-tomcat-10.1.29\webapps\docs] has finished in [347] ms
09-Oct-2024 10:58:35.407 INFO [main] org.apache.catalina.startup.HostConfig.deployDirectory Desplegando el directorio [C:\Users\2º DAW\Desktop\DWES\apache-tomcat-10.1.29\webapps\examples] de la aplicación web
09-Oct-2024 10:58:36.006 INFO [main] org.apache.jasper.servlet.TldScanner.scanJars Al menos un JAR, que se ha explorado buscando TLDs, aún no contenía TLDs. Activar historial de depuración para este historiador para una completa lista de los JARs que fueron explorados y de los que nos se halló TLDs. Saltarse JARs no necesarios durante la exploración puede dar lugar a una mejora de tiempo significativa en el arranque y compilación de JSP .
09-Oct-2024 10:58:36.075 INFO [main] org.apache.catalina.startup.HostConfig.deployDirectory Deployment of web application directory [C:\Users\2º DAW\Desktop\DWES\apache-tomcat-10.1.29\webapps\examples] has finished in [668] ms
09-Oct-2024 10:58:36.075 INFO [main] org.apache.catalina.startup.HostConfig.deployDirectory Desplegando el directorio [C:\Users\2º DAW\Desktop\DWES\apache-tomcat-10.1.29\webapps\host-manager] de la aplicación web
09-Oct-2024 10:58:36.426 INFO [main] org.apache.jasper.servlet.TldScanner.scanJars Al menos un JAR, que se ha explorado buscando TLDs, aún no contenía TLDs. Activar historial de depuración para este historiador para una completa lista de los JARs que fueron explorados y de los que nos se halló TLDs. Saltarse JARs no necesarios durante la exploración puede dar lugar a una mejora de tiempo significativa en el arranque y compilación de JSP .
09-Oct-2024 10:58:36.426 INFO [main] org.apache.catalina.startup.HostConfig.deployDirectory Deployment of web application directory [C:\Users\2º DAW\Desktop\DWES\apache-tomcat-10.1.29\webapps\host-manager] has finished in [351] ms
09-Oct-2024 10:58:36.426 INFO [main] org.apache.catalina.startup.HostConfig.deployDirectory Desplegando el directorio [C:\Users\2º DAW\Desktop\DWES\apache-tomcat-10.1.29\webapps\manager] de la aplicación web
09-Oct-2024 10:58:36.781 INFO [main] org.apache.jasper.servlet.TldScanner.scanJars Al menos un JAR, que se ha explorado buscando TLDs, aún no contenía TLDs. Activar historial de depuración para este historiador para una completa lista de los JARs que fueron explorados y de los que nos se halló TLDs. Saltarse JARs no necesarios durante la exploración puede dar lugar a una mejora de tiempo significativa en el arranque y compilación de JSP .
09-Oct-2024 10:58:36.784 INFO [main] org.apache.catalina.startup.HostConfig.deployDirectory Deployment of web application directory [C:\Users\2º DAW\Desktop\DWES\apache-tomcat-10.1.29\webapps\manager] has finished in [358] ms
09-Oct-2024 10:58:36.784 INFO [main] org.apache.catalina.startup.HostConfig.deployDirectory Desplegando el directorio [C:\Users\2º DAW\Desktop\DWES\apache-tomcat-10.1.29\webapps\ROOT] de la aplicación web
09-Oct-2024 10:58:37.094 INFO [main] org.apache.jasper.servlet.TldScanner.scanJars Al menos un JAR, que se ha explorado buscando TLDs, aún no contenía TLDs. Activar historial de depuración para este historiador para una completa lista de los JARs que fueron explorados y de los que nos se halló TLDs. Saltarse JARs no necesarios durante la exploración puede dar lugar a una mejora de tiempo significativa en el arranque y compilación de JSP .
09-Oct-2024 10:58:37.096 INFO [main] org.apache.catalina.startup.HostConfig.deployDirectory Deployment of web application directory [C:\Users\2º DAW\Desktop\DWES\apache-tomcat-10.1.29\webapps\ROOT] has finished in [312] ms
09-Oct-2024 10:58:37.100 INFO [main] org.apache.coyote.AbstractProtocol.start Starting ProtocolHandler ["http-nio-8080"]
09-Oct-2024 10:58:37.120 INFO [main] org.apache.catalina.startup.Catalina.start Server startup in [3249] milliseconds
09-Oct-2024 10:58:37.937 INFO [http-nio-8080-exec-6] org.apache.catalina.startup.HostConfig.undeploy Repliegue (undeploy) de la aplicación web que tiene como trayectoria de contexto [/Lista]
09-Oct-2024 10:58:37.982 INFO [http-nio-8080-exec-5] org.apache.catalina.startup.HostConfig.deployDescriptor Desplieque del descriptor de configuración [C:\Users\2º DAW\Desktop\DWES\apache-tomcat-10.1.29\conf\Catalina\localhost\Lista.xml]
09-Oct-2024 10:58:37.983 WARNING [http-nio-8080-exec-5] org.apache.catalina.startup.HostConfig.deployDescriptor The path attribute with value [/Lista] in deployment descriptor [C:\Users\2º DAW\Desktop\DWES\apache-tomcat-10.1.29\conf\Catalina\localhost\Lista.xml] has been ignored
09-Oct-2024 10:58:38.337 INFO [http-nio-8080-exec-5] org.apache.jasper.servlet.TldScanner.scanJars Al menos un JAR, que se ha explorado buscando TLDs, aún no contenía TLDs. Activar historial de depuración para este historiador para una completa lista de los JARs que fueron explorados y de los que nos se halló TLDs. Saltarse JARs no necesarios durante la exploración puede dar lugar a una mejora de tiempo significativa en el arranque y compilación de JSP .
09-Oct-2024 10:58:38.337 INFO [http-nio-8080-exec-5] org.apache.catalina.startup.HostConfig.deployDescriptor Deployment of deployment descriptor [C:\Users\2º DAW\Desktop\DWES\apache-tomcat-10.1.29\conf\Catalina\localhost\Lista.xml] has finished in [355] ms
09-Oct-2024 10:58:38.351 INFO [http-nio-8080-exec-3] org.apache.catalina.util.LifecycleBase.start The start() method was called on component [StandardEngine[Catalina].StandardHost[localhost].StandardContext[/Lista]] after start() had already been called. The second call will be ignored.
09-Oct-2024 11:06:31.604 INFO [main] org.apache.catalina.core.StandardServer.await Se ha recibido un comando de apagado a través del puerto de apagado. Parando la instancia del Servidor.
09-Oct-2024 11:06:31.605 INFO [main] org.apache.coyote.AbstractProtocol.pause Pausing ProtocolHandler ["http-nio-8080"]
09-Oct-2024 11:06:31.608 INFO [main] org.apache.catalina.core.StandardService.stopInternal Parando servicio [Catalina]
09-Oct-2024 11:06:31.628 INFO [main] org.apache.coyote.AbstractProtocol.stop Stopping ProtocolHandler ["http-nio-8080"]
09-Oct-2024 11:06:31.639 INFO [main] org.apache.coyote.AbstractProtocol.destroy Destroying ProtocolHandler ["http-nio-8080"]
09-Oct-2024 11:06:34.900 INFO [main] org.apache.catalina.startup.VersionLoggerListener.log Nombre de la versión del servidor: Apache Tomcat/10.1.29
09-Oct-2024 11:06:34.903 INFO [main] org.apache.catalina.startup.VersionLoggerListener.log Server built:                      Sep 5 2024 14:23:34 UTC
09-Oct-2024 11:06:34.904 INFO [main] org.apache.catalina.startup.VersionLoggerListener.log Número de versión de servidor:     10.1.29.0
09-Oct-2024 11:06:34.904 INFO [main] org.apache.catalina.startup.VersionLoggerListener.log OS Name:                           Windows 10
09-Oct-2024 11:06:34.904 INFO [main] org.apache.catalina.startup.VersionLoggerListener.log Versión de Systema Operativo:      10.0
09-Oct-2024 11:06:34.904 INFO [main] org.apache.catalina.startup.VersionLoggerListener.log Arquitectura:                      amd64
09-Oct-2024 11:06:34.904 INFO [main] org.apache.catalina.startup.VersionLoggerListener.log Java Home:                         C:\Program Files\Java\jdk-22
09-Oct-2024 11:06:34.904 INFO [main] org.apache.catalina.startup.VersionLoggerListener.log JVM Version:                       22.0.1+8-16
09-Oct-2024 11:06:34.904 INFO [main] org.apache.catalina.startup.VersionLoggerListener.log Vededor JVM:                       Oracle Corporation
09-Oct-2024 11:06:34.904 INFO [main] org.apache.catalina.startup.VersionLoggerListener.log CATALINA_BASE:                     C:\Users\2º DAW\Desktop\DWES\apache-tomcat-10.1.29
09-Oct-2024 11:06:34.904 INFO [main] org.apache.catalina.startup.VersionLoggerListener.log CATALINA_HOME:                     C:\Users\2º DAW\Desktop\DWES\apache-tomcat-10.1.29
09-Oct-2024 11:06:34.913 INFO [main] org.apache.catalina.startup.VersionLoggerListener.log Command line argument:             -Djava.util.logging.config.file=C:\Users\2º DAW\Desktop\DWES\apache-tomcat-10.1.29\conf\logging.properties
09-Oct-2024 11:06:34.913 INFO [main] org.apache.catalina.startup.VersionLoggerListener.log Command line argument:             -Djava.util.logging.manager=org.apache.juli.ClassLoaderLogManager
09-Oct-2024 11:06:34.913 INFO [main] org.apache.catalina.startup.VersionLoggerListener.log Command line argument:             -Djdk.tls.ephemeralDHKeySize=2048
09-Oct-2024 11:06:34.913 INFO [main] org.apache.catalina.startup.VersionLoggerListener.log Command line argument:             -Djava.protocol.handler.pkgs=org.apache.catalina.webresources
09-Oct-2024 11:06:34.913 INFO [main] org.apache.catalina.startup.VersionLoggerListener.log Command line argument:             --add-opens=java.base/java.lang=ALL-UNNAMED
09-Oct-2024 11:06:34.913 INFO [main] org.apache.catalina.startup.VersionLoggerListener.log Command line argument:             --add-opens=java.base/java.io=ALL-UNNAMED
09-Oct-2024 11:06:34.913 INFO [main] org.apache.catalina.startup.VersionLoggerListener.log Command line argument:             --add-opens=java.base/java.util=ALL-UNNAMED
09-Oct-2024 11:06:34.914 INFO [main] org.apache.catalina.startup.VersionLoggerListener.log Command line argument:             --add-opens=java.base/java.util.concurrent=ALL-UNNAMED
09-Oct-2024 11:06:34.914 INFO [main] org.apache.catalina.startup.VersionLoggerListener.log Command line argument:             --add-opens=java.rmi/sun.rmi.transport=ALL-UNNAMED
09-Oct-2024 11:06:34.914 INFO [main] org.apache.catalina.startup.VersionLoggerListener.log Command line argument:             -agentlib:jdwp=transport=dt_shmem,address=tomcat_shared_memory_id,server=y,suspend=n
09-Oct-2024 11:06:34.914 INFO [main] org.apache.catalina.startup.VersionLoggerListener.log Command line argument:             -Dcatalina.base=C:\Users\2º DAW\Desktop\DWES\apache-tomcat-10.1.29
09-Oct-2024 11:06:34.914 INFO [main] org.apache.catalina.startup.VersionLoggerListener.log Command line argument:             -Dcatalina.home=C:\Users\2º DAW\Desktop\DWES\apache-tomcat-10.1.29
09-Oct-2024 11:06:34.914 INFO [main] org.apache.catalina.startup.VersionLoggerListener.log Command line argument:             -Djava.io.tmpdir=C:\Users\2º DAW\Desktop\DWES\apache-tomcat-10.1.29\temp
09-Oct-2024 11:06:34.916 INFO [main] org.apache.catalina.core.AprLifecycleListener.lifecycleEvent Cargada la biblioteca nativa APR de Apache Tomcat [2.0.8] con la versión APR [1.7.4].
09-Oct-2024 11:06:34.999 INFO [main] org.apache.catalina.core.AprLifecycleListener.initializeSSL OpenSSL inicializado correctamente [OpenSSL 3.0.14 4 Jun 2024]
09-Oct-2024 11:06:35.260 INFO [main] org.apache.coyote.AbstractProtocol.init Inicializando el manejador de protocolo ["http-nio-8080"]

09-Oct-2024 11:06:35.281 INFO [main] org.apache.catalina.startup.Catalina.load Server initialization in [566] milliseconds
09-Oct-2024 11:06:35.325 INFO [main] org.apache.catalina.core.StandardService.startInternal Arrancando servicio [Catalina]
09-Oct-2024 11:06:35.325 INFO [main] org.apache.catalina.core.StandardEngine.startInternal Starting Servlet engine: [Apache Tomcat/10.1.29]
09-Oct-2024 11:06:35.334 INFO [main] org.apache.catalina.startup.HostConfig.deployDescriptor Desplieque del descriptor de configuración [C:\Users\2º DAW\Desktop\DWES\apache-tomcat-10.1.29\conf\Catalina\localhost\Democlase.xml]
09-Oct-2024 11:06:35.348 WARNING [main] org.apache.catalina.startup.HostConfig.deployDescriptor The path attribute with value [/Democlase] in deployment descriptor [C:\Users\2º DAW\Desktop\DWES\apache-tomcat-10.1.29\conf\Catalina\localhost\Democlase.xml] has been ignored
09-Oct-2024 11:06:36.038 INFO [main] org.apache.jasper.servlet.TldScanner.scanJars Al menos un JAR, que se ha explorado buscando TLDs, aún no contenía TLDs. Activar historial de depuración para este historiador para una completa lista de los JARs que fueron explorados y de los que nos se halló TLDs. Saltarse JARs no necesarios durante la exploración puede dar lugar a una mejora de tiempo significativa en el arranque y compilación de JSP .
09-Oct-2024 11:06:36.088 INFO [main] org.apache.catalina.startup.HostConfig.deployDescriptor Deployment of deployment descriptor [C:\Users\2º DAW\Desktop\DWES\apache-tomcat-10.1.29\conf\Catalina\localhost\Democlase.xml] has finished in [751] ms
09-Oct-2024 11:06:36.088 INFO [main] org.apache.catalina.startup.HostConfig.deployDescriptor Desplieque del descriptor de configuración [C:\Users\2º DAW\Desktop\DWES\apache-tomcat-10.1.29\conf\Catalina\localhost\Lista.xml]
09-Oct-2024 11:06:36.089 WARNING [main] org.apache.catalina.startup.HostConfig.deployDescriptor The path attribute with value [/Lista] in deployment descriptor [C:\Users\2º DAW\Desktop\DWES\apache-tomcat-10.1.29\conf\Catalina\localhost\Lista.xml] has been ignored
09-Oct-2024 11:06:36.485 INFO [main] java.util.ArrayList.forEach Name = incidencias2 Ignoring unknown property: value of "false" for "useSSL" property
09-Oct-2024 11:06:36.485 INFO [main] java.util.ArrayList.forEach Name = incidencias2 Ignoring unknown property: value of "true" for "allowPublicKeyRetrieval" property
09-Oct-2024 11:06:36.485 INFO [main] java.util.ArrayList.forEach Name = incidencias2 Ignoring unknown property: value of "UTC" for "serverTimezone" property
09-Oct-2024 11:06:36.517 INFO [main] org.apache.jasper.servlet.TldScanner.scanJars Al menos un JAR, que se ha explorado buscando TLDs, aún no contenía TLDs. Activar historial de depuración para este historiador para una completa lista de los JARs que fueron explorados y de los que nos se halló TLDs. Saltarse JARs no necesarios durante la exploración puede dar lugar a una mejora de tiempo significativa en el arranque y compilación de JSP .
09-Oct-2024 11:06:36.520 INFO [main] org.apache.catalina.startup.HostConfig.deployDescriptor Deployment of deployment descriptor [C:\Users\2º DAW\Desktop\DWES\apache-tomcat-10.1.29\conf\Catalina\localhost\Lista.xml] has finished in [431] ms
09-Oct-2024 11:06:36.520 INFO [main] org.apache.catalina.startup.HostConfig.deployDirectory Desplegando el directorio [C:\Users\2º DAW\Desktop\DWES\apache-tomcat-10.1.29\webapps\docs] de la aplicación web
09-Oct-2024 11:06:36.864 INFO [main] org.apache.jasper.servlet.TldScanner.scanJars Al menos un JAR, que se ha explorado buscando TLDs, aún no contenía TLDs. Activar historial de depuración para este historiador para una completa lista de los JARs que fueron explorados y de los que nos se halló TLDs. Saltarse JARs no necesarios durante la exploración puede dar lugar a una mejora de tiempo significativa en el arranque y compilación de JSP .
09-Oct-2024 11:06:36.866 INFO [main] org.apache.catalina.startup.HostConfig.deployDirectory Deployment of web application directory [C:\Users\2º DAW\Desktop\DWES\apache-tomcat-10.1.29\webapps\docs] has finished in [346] ms
09-Oct-2024 11:06:36.867 INFO [main] org.apache.catalina.startup.HostConfig.deployDirectory Desplegando el directorio [C:\Users\2º DAW\Desktop\DWES\apache-tomcat-10.1.29\webapps\examples] de la aplicación web
09-Oct-2024 11:06:37.492 INFO [main] org.apache.jasper.servlet.TldScanner.scanJars Al menos un JAR, que se ha explorado buscando TLDs, aún no contenía TLDs. Activar historial de depuración para este historiador para una completa lista de los JARs que fueron explorados y de los que nos se halló TLDs. Saltarse JARs no necesarios durante la exploración puede dar lugar a una mejora de tiempo significativa en el arranque y compilación de JSP .
09-Oct-2024 11:06:37.550 INFO [main] org.apache.catalina.startup.HostConfig.deployDirectory Deployment of web application directory [C:\Users\2º DAW\Desktop\DWES\apache-tomcat-10.1.29\webapps\examples] has finished in [683] ms
09-Oct-2024 11:06:37.550 INFO [main] org.apache.catalina.startup.HostConfig.deployDirectory Desplegando el directorio [C:\Users\2º DAW\Desktop\DWES\apache-tomcat-10.1.29\webapps\host-manager] de la aplicación web
09-Oct-2024 11:06:37.897 INFO [main] org.apache.jasper.servlet.TldScanner.scanJars Al menos un JAR, que se ha explorado buscando TLDs, aún no contenía TLDs. Activar historial de depuración para este historiador para una completa lista de los JARs que fueron explorados y de los que nos se halló TLDs. Saltarse JARs no necesarios durante la exploración puede dar lugar a una mejora de tiempo significativa en el arranque y compilación de JSP .
09-Oct-2024 11:06:37.905 INFO [main] org.apache.catalina.startup.HostConfig.deployDirectory Deployment of web application directory [C:\Users\2º DAW\Desktop\DWES\apache-tomcat-10.1.29\webapps\host-manager] has finished in [355] ms
09-Oct-2024 11:06:37.905 INFO [main] org.apache.catalina.startup.HostConfig.deployDirectory Desplegando el directorio [C:\Users\2º DAW\Desktop\DWES\apache-tomcat-10.1.29\webapps\manager] de la aplicación web
09-Oct-2024 11:06:38.261 INFO [main] org.apache.jasper.servlet.TldScanner.scanJars Al menos un JAR, que se ha explorado buscando TLDs, aún no contenía TLDs. Activar historial de depuración para este historiador para una completa lista de los JARs que fueron explorados y de los que nos se halló TLDs. Saltarse JARs no necesarios durante la exploración puede dar lugar a una mejora de tiempo significativa en el arranque y compilación de JSP .
09-Oct-2024 11:06:38.264 INFO [main] org.apache.catalina.startup.HostConfig.deployDirectory Deployment of web application directory [C:\Users\2º DAW\Desktop\DWES\apache-tomcat-10.1.29\webapps\manager] has finished in [359] ms
09-Oct-2024 11:06:38.264 INFO [main] org.apache.catalina.startup.HostConfig.deployDirectory Desplegando el directorio [C:\Users\2º DAW\Desktop\DWES\apache-tomcat-10.1.29\webapps\ROOT] de la aplicación web
09-Oct-2024 11:06:38.580 INFO [main] org.apache.jasper.servlet.TldScanner.scanJars Al menos un JAR, que se ha explorado buscando TLDs, aún no contenía TLDs. Activar historial de depuración para este historiador para una completa lista de los JARs que fueron explorados y de los que nos se halló TLDs. Saltarse JARs no necesarios durante la exploración puede dar lugar a una mejora de tiempo significativa en el arranque y compilación de JSP .
09-Oct-2024 11:06:38.583 INFO [main] org.apache.catalina.startup.HostConfig.deployDirectory Deployment of web application directory [C:\Users\2º DAW\Desktop\DWES\apache-tomcat-10.1.29\webapps\ROOT] has finished in [318] ms
09-Oct-2024 11:06:38.587 INFO [main] org.apache.coyote.AbstractProtocol.start Starting ProtocolHandler ["http-nio-8080"]
09-Oct-2024 11:06:38.606 INFO [main] org.apache.catalina.startup.Catalina.start Server startup in [3324] milliseconds
09-Oct-2024 11:12:43.483 INFO [http-nio-8080-exec-1] org.apache.catalina.startup.HostConfig.undeploy Repliegue (undeploy) de la aplicación web que tiene como trayectoria de contexto [/Lista]
09-Oct-2024 11:12:43.521 INFO [http-nio-8080-exec-2] org.apache.catalina.startup.HostConfig.deployDescriptor Desplieque del descriptor de configuración [C:\Users\2º DAW\Desktop\DWES\apache-tomcat-10.1.29\conf\Catalina\localhost\Lista.xml]
09-Oct-2024 11:12:43.523 WARNING [http-nio-8080-exec-2] org.apache.catalina.startup.HostConfig.deployDescriptor The path attribute with value [/Lista] in deployment descriptor [C:\Users\2º DAW\Desktop\DWES\apache-tomcat-10.1.29\conf\Catalina\localhost\Lista.xml] has been ignored
09-Oct-2024 11:12:43.900 INFO [http-nio-8080-exec-2] org.apache.jasper.servlet.TldScanner.scanJars Al menos un JAR, que se ha explorado buscando TLDs, aún no contenía TLDs. Activar historial de depuración para este historiador para una completa lista de los JARs que fueron explorados y de los que nos se halló TLDs. Saltarse JARs no necesarios durante la exploración puede dar lugar a una mejora de tiempo significativa en el arranque y compilación de JSP .
09-Oct-2024 11:12:43.903 INFO [http-nio-8080-exec-2] org.apache.catalina.startup.HostConfig.deployDescriptor Deployment of deployment descriptor [C:\Users\2º DAW\Desktop\DWES\apache-tomcat-10.1.29\conf\Catalina\localhost\Lista.xml] has finished in [382] ms
09-Oct-2024 11:12:43.905 INFO [http-nio-8080-exec-6] org.apache.catalina.util.LifecycleBase.start The start() method was called on component [StandardEngine[Catalina].StandardHost[localhost].StandardContext[/Lista]] after start() had already been called. The second call will be ignored.
09-Oct-2024 11:20:11.670 INFO [http-nio-8080-exec-11] org.apache.catalina.core.StandardContext.reload Ha comenzado la recarga de Contexto [/Lista]
09-Oct-2024 11:20:12.031 INFO [http-nio-8080-exec-11] org.apache.jasper.servlet.TldScanner.scanJars Al menos un JAR, que se ha explorado buscando TLDs, aún no contenía TLDs. Activar historial de depuración para este historiador para una completa lista de los JARs que fueron explorados y de los que nos se halló TLDs. Saltarse JARs no necesarios durante la exploración puede dar lugar a una mejora de tiempo significativa en el arranque y compilación de JSP .
09-Oct-2024 11:20:12.033 INFO [http-nio-8080-exec-11] org.apache.catalina.core.StandardContext.reload Se ha completado la recarga de este Contexto
09-Oct-2024 11:20:28.955 INFO [http-nio-8080-exec-12] org.apache.catalina.core.StandardContext.reload Ha comenzado la recarga de Contexto [/Lista]
09-Oct-2024 11:20:29.300 INFO [http-nio-8080-exec-12] org.apache.jasper.servlet.TldScanner.scanJars Al menos un JAR, que se ha explorado buscando TLDs, aún no contenía TLDs. Activar historial de depuración para este historiador para una completa lista de los JARs que fueron explorados y de los que nos se halló TLDs. Saltarse JARs no necesarios durante la exploración puede dar lugar a una mejora de tiempo significativa en el arranque y compilación de JSP .
09-Oct-2024 11:20:29.302 INFO [http-nio-8080-exec-12] org.apache.catalina.core.StandardContext.reload Se ha completado la recarga de este Contexto
09-Oct-2024 11:22:16.345 INFO [http-nio-8080-exec-26] org.apache.catalina.startup.HostConfig.undeploy Repliegue (undeploy) de la aplicación web que tiene como trayectoria de contexto [/Lista]
09-Oct-2024 11:22:16.358 INFO [http-nio-8080-exec-27] org.apache.catalina.startup.HostConfig.deployDescriptor Desplieque del descriptor de configuración [C:\Users\2º DAW\Desktop\DWES\apache-tomcat-10.1.29\conf\Catalina\localhost\Lista.xml]
09-Oct-2024 11:22:16.359 WARNING [http-nio-8080-exec-27] org.apache.catalina.startup.HostConfig.deployDescriptor The path attribute with value [/Lista] in deployment descriptor [C:\Users\2º DAW\Desktop\DWES\apache-tomcat-10.1.29\conf\Catalina\localhost\Lista.xml] has been ignored
09-Oct-2024 11:22:16.701 INFO [http-nio-8080-exec-27] org.apache.jasper.servlet.TldScanner.scanJars Al menos un JAR, que se ha explorado buscando TLDs, aún no contenía TLDs. Activar historial de depuración para este historiador para una completa lista de los JARs que fueron explorados y de los que nos se halló TLDs. Saltarse JARs no necesarios durante la exploración puede dar lugar a una mejora de tiempo significativa en el arranque y compilación de JSP .
09-Oct-2024 11:22:16.704 INFO [http-nio-8080-exec-27] org.apache.catalina.startup.HostConfig.deployDescriptor Deployment of deployment descriptor [C:\Users\2º DAW\Desktop\DWES\apache-tomcat-10.1.29\conf\Catalina\localhost\Lista.xml] has finished in [345] ms
09-Oct-2024 11:22:54.917 INFO [http-nio-8080-exec-32] org.apache.catalina.startup.HostConfig.undeploy Repliegue (undeploy) de la aplicación web que tiene como trayectoria de contexto [/Lista]
09-Oct-2024 11:22:54.930 INFO [http-nio-8080-exec-34] org.apache.catalina.startup.HostConfig.deployDescriptor Desplieque del descriptor de configuración [C:\Users\2º DAW\Desktop\DWES\apache-tomcat-10.1.29\conf\Catalina\localhost\Lista.xml]
09-Oct-2024 11:22:54.931 WARNING [http-nio-8080-exec-34] org.apache.catalina.startup.HostConfig.deployDescriptor The path attribute with value [/Lista] in deployment descriptor [C:\Users\2º DAW\Desktop\DWES\apache-tomcat-10.1.29\conf\Catalina\localhost\Lista.xml] has been ignored
09-Oct-2024 11:22:55.274 INFO [http-nio-8080-exec-34] org.apache.jasper.servlet.TldScanner.scanJars Al menos un JAR, que se ha explorado buscando TLDs, aún no contenía TLDs. Activar historial de depuración para este historiador para una completa lista de los JARs que fueron explorados y de los que nos se halló TLDs. Saltarse JARs no necesarios durante la exploración puede dar lugar a una mejora de tiempo significativa en el arranque y compilación de JSP .
09-Oct-2024 11:22:55.277 INFO [http-nio-8080-exec-34] org.apache.catalina.startup.HostConfig.deployDescriptor Deployment of deployment descriptor [C:\Users\2º DAW\Desktop\DWES\apache-tomcat-10.1.29\conf\Catalina\localhost\Lista.xml] has finished in [346] ms
09-Oct-2024 11:23:10.429 INFO [http-nio-8080-exec-31] org.apache.catalina.startup.HostConfig.undeploy Repliegue (undeploy) de la aplicación web que tiene como trayectoria de contexto [/Lista]
09-Oct-2024 11:23:10.442 INFO [http-nio-8080-exec-38] org.apache.catalina.startup.HostConfig.deployDescriptor Desplieque del descriptor de configuración [C:\Users\2º DAW\Desktop\DWES\apache-tomcat-10.1.29\conf\Catalina\localhost\Lista.xml]
09-Oct-2024 11:23:10.443 WARNING [http-nio-8080-exec-38] org.apache.catalina.startup.HostConfig.deployDescriptor The path attribute with value [/Lista] in deployment descriptor [C:\Users\2º DAW\Desktop\DWES\apache-tomcat-10.1.29\conf\Catalina\localhost\Lista.xml] has been ignored
09-Oct-2024 11:23:10.792 INFO [http-nio-8080-exec-38] org.apache.jasper.servlet.TldScanner.scanJars Al menos un JAR, que se ha explorado buscando TLDs, aún no contenía TLDs. Activar historial de depuración para este historiador para una completa lista de los JARs que fueron explorados y de los que nos se halló TLDs. Saltarse JARs no necesarios durante la exploración puede dar lugar a una mejora de tiempo significativa en el arranque y compilación de JSP .
09-Oct-2024 11:23:10.795 INFO [http-nio-8080-exec-38] org.apache.catalina.startup.HostConfig.deployDescriptor Deployment of deployment descriptor [C:\Users\2º DAW\Desktop\DWES\apache-tomcat-10.1.29\conf\Catalina\localhost\Lista.xml] has finished in [352] ms
09-Oct-2024 11:26:44.677 INFO [http-nio-8080-exec-43] org.apache.catalina.startup.HostConfig.undeploy Repliegue (undeploy) de la aplicación web que tiene como trayectoria de contexto [/Lista]
09-Oct-2024 11:26:44.691 INFO [http-nio-8080-exec-38] org.apache.catalina.startup.HostConfig.deployDescriptor Desplieque del descriptor de configuración [C:\Users\2º DAW\Desktop\DWES\apache-tomcat-10.1.29\conf\Catalina\localhost\Lista.xml]
09-Oct-2024 11:26:44.691 WARNING [http-nio-8080-exec-38] org.apache.catalina.startup.HostConfig.deployDescriptor The path attribute with value [/Lista] in deployment descriptor [C:\Users\2º DAW\Desktop\DWES\apache-tomcat-10.1.29\conf\Catalina\localhost\Lista.xml] has been ignored
09-Oct-2024 11:26:45.051 INFO [http-nio-8080-exec-38] org.apache.jasper.servlet.TldScanner.scanJars Al menos un JAR, que se ha explorado buscando TLDs, aún no contenía TLDs. Activar historial de depuración para este historiador para una completa lista de los JARs que fueron explorados y de los que nos se halló TLDs. Saltarse JARs no necesarios durante la exploración puede dar lugar a una mejora de tiempo significativa en el arranque y compilación de JSP .
09-Oct-2024 11:26:45.054 INFO [http-nio-8080-exec-38] org.apache.catalina.startup.HostConfig.deployDescriptor Deployment of deployment descriptor [C:\Users\2º DAW\Desktop\DWES\apache-tomcat-10.1.29\conf\Catalina\localhost\Lista.xml] has finished in [363] ms
09-Oct-2024 11:26:45.056 INFO [http-nio-8080-exec-39] org.apache.catalina.util.LifecycleBase.start The start() method was called on component [StandardEngine[Catalina].StandardHost[localhost].StandardContext[/Lista]] after start() had already been called. The second call will be ignored.
09-Oct-2024 11:27:08.552 INFO [http-nio-8080-exec-48] org.apache.catalina.startup.HostConfig.undeploy Repliegue (undeploy) de la aplicación web que tiene como trayectoria de contexto [/Lista]
09-Oct-2024 11:27:08.579 INFO [http-nio-8080-exec-46] org.apache.catalina.startup.HostConfig.deployDescriptor Desplieque del descriptor de configuración [C:\Users\2º DAW\Desktop\DWES\apache-tomcat-10.1.29\conf\Catalina\localhost\Lista.xml]
09-Oct-2024 11:27:08.580 WARNING [http-nio-8080-exec-46] org.apache.catalina.startup.HostConfig.deployDescriptor The path attribute with value [/Lista] in deployment descriptor [C:\Users\2º DAW\Desktop\DWES\apache-tomcat-10.1.29\conf\Catalina\localhost\Lista.xml] has been ignored
09-Oct-2024 11:27:08.928 INFO [http-nio-8080-exec-46] org.apache.jasper.servlet.TldScanner.scanJars Al menos un JAR, que se ha explorado buscando TLDs, aún no contenía TLDs. Activar historial de depuración para este historiador para una completa lista de los JARs que fueron explorados y de los que nos se halló TLDs. Saltarse JARs no necesarios durante la exploración puede dar lugar a una mejora de tiempo significativa en el arranque y compilación de JSP .
09-Oct-2024 11:27:08.930 INFO [http-nio-8080-exec-46] org.apache.catalina.startup.HostConfig.deployDescriptor Deployment of deployment descriptor [C:\Users\2º DAW\Desktop\DWES\apache-tomcat-10.1.29\conf\Catalina\localhost\Lista.xml] has finished in [351] ms
09-Oct-2024 11:27:08.933 INFO [http-nio-8080-exec-41] org.apache.catalina.util.LifecycleBase.start The start() method was called on component [StandardEngine[Catalina].StandardHost[localhost].StandardContext[/Lista]] after start() had already been called. The second call will be ignored.
09-Oct-2024 11:27:19.901 INFO [http-nio-8080-exec-38] org.apache.catalina.startup.HostConfig.undeploy Repliegue (undeploy) de la aplicación web que tiene como trayectoria de contexto [/Lista]
09-Oct-2024 11:27:19.911 INFO [http-nio-8080-exec-45] org.apache.catalina.startup.HostConfig.deployDescriptor Desplieque del descriptor de configuración [C:\Users\2º DAW\Desktop\DWES\apache-tomcat-10.1.29\conf\Catalina\localhost\Lista.xml]
09-Oct-2024 11:27:19.911 WARNING [http-nio-8080-exec-45] org.apache.catalina.startup.HostConfig.deployDescriptor The path attribute with value [/Lista] in deployment descriptor [C:\Users\2º DAW\Desktop\DWES\apache-tomcat-10.1.29\conf\Catalina\localhost\Lista.xml] has been ignored
09-Oct-2024 11:27:20.280 INFO [http-nio-8080-exec-45] org.apache.jasper.servlet.TldScanner.scanJars Al menos un JAR, que se ha explorado buscando TLDs, aún no contenía TLDs. Activar historial de depuración para este historiador para una completa lista de los JARs que fueron explorados y de los que nos se halló TLDs. Saltarse JARs no necesarios durante la exploración puede dar lugar a una mejora de tiempo significativa en el arranque y compilación de JSP .
09-Oct-2024 11:27:20.283 INFO [http-nio-8080-exec-45] org.apache.catalina.startup.HostConfig.deployDescriptor Deployment of deployment descriptor [C:\Users\2º DAW\Desktop\DWES\apache-tomcat-10.1.29\conf\Catalina\localhost\Lista.xml] has finished in [372] ms
09-Oct-2024 11:27:20.285 INFO [http-nio-8080-exec-47] org.apache.catalina.util.LifecycleBase.start The start() method was called on component [StandardEngine[Catalina].StandardHost[localhost].StandardContext[/Lista]] after start() had already been called. The second call will be ignored.
09-Oct-2024 11:28:39.805 INFO [http-nio-8080-exec-53] org.apache.catalina.startup.HostConfig.undeploy Repliegue (undeploy) de la aplicación web que tiene como trayectoria de contexto [/Lista]
09-Oct-2024 11:28:39.833 INFO [http-nio-8080-exec-38] org.apache.catalina.startup.HostConfig.deployDescriptor Desplieque del descriptor de configuración [C:\Users\2º DAW\Desktop\DWES\apache-tomcat-10.1.29\conf\Catalina\localhost\Lista.xml]
09-Oct-2024 11:28:39.835 WARNING [http-nio-8080-exec-38] org.apache.catalina.startup.HostConfig.deployDescriptor The path attribute with value [/Lista] in deployment descriptor [C:\Users\2º DAW\Desktop\DWES\apache-tomcat-10.1.29\conf\Catalina\localhost\Lista.xml] has been ignored
09-Oct-2024 11:28:40.182 INFO [http-nio-8080-exec-38] org.apache.jasper.servlet.TldScanner.scanJars Al menos un JAR, que se ha explorado buscando TLDs, aún no contenía TLDs. Activar historial de depuración para este historiador para una completa lista de los JARs que fueron explorados y de los que nos se halló TLDs. Saltarse JARs no necesarios durante la exploración puede dar lugar a una mejora de tiempo significativa en el arranque y compilación de JSP .
09-Oct-2024 11:28:40.184 INFO [http-nio-8080-exec-38] org.apache.catalina.startup.HostConfig.deployDescriptor Deployment of deployment descriptor [C:\Users\2º DAW\Desktop\DWES\apache-tomcat-10.1.29\conf\Catalina\localhost\Lista.xml] has finished in [351] ms
09-Oct-2024 11:28:40.186 INFO [http-nio-8080-exec-52] org.apache.catalina.util.LifecycleBase.start The start() method was called on component [StandardEngine[Catalina].StandardHost[localhost].StandardContext[/Lista]] after start() had already been called. The second call will be ignored.
09-Oct-2024 11:52:23.023 INFO [http-nio-8080-exec-62] org.apache.catalina.core.StandardContext.reload Ha comenzado la recarga de Contexto [/Lista]
09-Oct-2024 11:52:23.369 INFO [http-nio-8080-exec-62] org.apache.jasper.servlet.TldScanner.scanJars Al menos un JAR, que se ha explorado buscando TLDs, aún no contenía TLDs. Activar historial de depuración para este historiador para una completa lista de los JARs que fueron explorados y de los que nos se halló TLDs. Saltarse JARs no necesarios durante la exploración puede dar lugar a una mejora de tiempo significativa en el arranque y compilación de JSP .
09-Oct-2024 11:52:23.371 INFO [http-nio-8080-exec-62] org.apache.catalina.core.StandardContext.reload Se ha completado la recarga de este Contexto
09-Oct-2024 11:53:30.088 INFO [http-nio-8080-exec-67] org.apache.catalina.startup.HostConfig.undeploy Repliegue (undeploy) de la aplicación web que tiene como trayectoria de contexto [/Lista]
09-Oct-2024 11:53:30.101 INFO [http-nio-8080-exec-59] org.apache.catalina.startup.HostConfig.deployDescriptor Desplieque del descriptor de configuración [C:\Users\2º DAW\Desktop\DWES\apache-tomcat-10.1.29\conf\Catalina\localhost\Lista.xml]
09-Oct-2024 11:53:30.102 WARNING [http-nio-8080-exec-59] org.apache.catalina.startup.HostConfig.deployDescriptor The path attribute with value [/Lista] in deployment descriptor [C:\Users\2º DAW\Desktop\DWES\apache-tomcat-10.1.29\conf\Catalina\localhost\Lista.xml] has been ignored
09-Oct-2024 11:53:30.458 INFO [http-nio-8080-exec-59] org.apache.jasper.servlet.TldScanner.scanJars Al menos un JAR, que se ha explorado buscando TLDs, aún no contenía TLDs. Activar historial de depuración para este historiador para una completa lista de los JARs que fueron explorados y de los que nos se halló TLDs. Saltarse JARs no necesarios durante la exploración puede dar lugar a una mejora de tiempo significativa en el arranque y compilación de JSP .
09-Oct-2024 11:53:30.460 INFO [http-nio-8080-exec-59] org.apache.catalina.startup.HostConfig.deployDescriptor Deployment of deployment descriptor [C:\Users\2º DAW\Desktop\DWES\apache-tomcat-10.1.29\conf\Catalina\localhost\Lista.xml] has finished in [359] ms
