08-Nov-2024 11:25:20.330 INFO [main] org.apache.catalina.startup.VersionLoggerListener.log Nombre de la versión del servidor: Apache Tomcat/10.1.29
08-Nov-2024 11:25:20.330 INFO [main] org.apache.catalina.startup.VersionLoggerListener.log Server built:                      Sep 5 2024 14:23:34 UTC
08-Nov-2024 11:25:20.330 INFO [main] org.apache.catalina.startup.VersionLoggerListener.log Número de versión de servidor:     10.1.29.0
08-Nov-2024 11:25:20.330 INFO [main] org.apache.catalina.startup.VersionLoggerListener.log OS Name:                           Windows 10
08-Nov-2024 11:25:20.330 INFO [main] org.apache.catalina.startup.VersionLoggerListener.log Versión de Systema Operativo:      10.0
08-Nov-2024 11:25:20.330 INFO [main] org.apache.catalina.startup.VersionLoggerListener.log Arquitectura:                      amd64
08-Nov-2024 11:25:20.330 INFO [main] org.apache.catalina.startup.VersionLoggerListener.log Java Home:                         C:\Program Files\Java\jdk-22
08-Nov-2024 11:25:20.330 INFO [main] org.apache.catalina.startup.VersionLoggerListener.log JVM Version:                       22.0.1+8-16
08-Nov-2024 11:25:20.330 INFO [main] org.apache.catalina.startup.VersionLoggerListener.log Vededor JVM:                       Oracle Corporation
08-Nov-2024 11:25:20.330 INFO [main] org.apache.catalina.startup.VersionLoggerListener.log CATALINA_BASE:                     C:\Users\2º DAW\Desktop\DWES\apache-tomcat-10.1.29
08-Nov-2024 11:25:20.330 INFO [main] org.apache.catalina.startup.VersionLoggerListener.log CATALINA_HOME:                     C:\Users\2º DAW\Desktop\DWES\apache-tomcat-10.1.29
08-Nov-2024 11:25:20.330 INFO [main] org.apache.catalina.startup.VersionLoggerListener.log Command line argument:             -Djava.util.logging.config.file=C:\Users\2º DAW\Desktop\DWES\apache-tomcat-10.1.29\conf\logging.properties
08-Nov-2024 11:25:20.330 INFO [main] org.apache.catalina.startup.VersionLoggerListener.log Command line argument:             -Djava.util.logging.manager=org.apache.juli.ClassLoaderLogManager
08-Nov-2024 11:25:20.330 INFO [main] org.apache.catalina.startup.VersionLoggerListener.log Command line argument:             -Djdk.tls.ephemeralDHKeySize=2048
08-Nov-2024 11:25:20.330 INFO [main] org.apache.catalina.startup.VersionLoggerListener.log Command line argument:             -Djava.protocol.handler.pkgs=org.apache.catalina.webresources
08-Nov-2024 11:25:20.346 INFO [main] org.apache.catalina.startup.VersionLoggerListener.log Command line argument:             --add-opens=java.base/java.lang=ALL-UNNAMED
08-Nov-2024 11:25:20.346 INFO [main] org.apache.catalina.startup.VersionLoggerListener.log Command line argument:             --add-opens=java.base/java.io=ALL-UNNAMED
08-Nov-2024 11:25:20.346 INFO [main] org.apache.catalina.startup.VersionLoggerListener.log Command line argument:             --add-opens=java.base/java.util=ALL-UNNAMED
08-Nov-2024 11:25:20.346 INFO [main] org.apache.catalina.startup.VersionLoggerListener.log Command line argument:             --add-opens=java.base/java.util.concurrent=ALL-UNNAMED
08-Nov-2024 11:25:20.347 INFO [main] org.apache.catalina.startup.VersionLoggerListener.log Command line argument:             --add-opens=java.rmi/sun.rmi.transport=ALL-UNNAMED
08-Nov-2024 11:25:20.347 INFO [main] org.apache.catalina.startup.VersionLoggerListener.log Command line argument:             -Dcatalina.base=C:\Users\2º DAW\Desktop\DWES\apache-tomcat-10.1.29
08-Nov-2024 11:25:20.347 INFO [main] org.apache.catalina.startup.VersionLoggerListener.log Command line argument:             -Dcatalina.home=C:\Users\2º DAW\Desktop\DWES\apache-tomcat-10.1.29
08-Nov-2024 11:25:20.347 INFO [main] org.apache.catalina.startup.VersionLoggerListener.log Command line argument:             -Djava.io.tmpdir=C:\Users\2º DAW\Desktop\DWES\apache-tomcat-10.1.29\temp
08-Nov-2024 11:25:20.349 INFO [main] org.apache.catalina.core.AprLifecycleListener.lifecycleEvent Cargada la biblioteca nativa APR de Apache Tomcat [2.0.8] con la versión APR [1.7.4].
08-Nov-2024 11:25:20.355 INFO [main] org.apache.catalina.core.AprLifecycleListener.initializeSSL OpenSSL inicializado correctamente [OpenSSL 3.0.14 4 Jun 2024]
08-Nov-2024 11:25:20.660 INFO [main] org.apache.coyote.AbstractProtocol.init Inicializando el manejador de protocolo ["http-nio-8080"]

08-Nov-2024 11:25:20.684 INFO [main] org.apache.catalina.startup.Catalina.load Server initialization in [538] milliseconds
08-Nov-2024 11:25:20.757 INFO [main] org.apache.catalina.core.StandardService.startInternal Arrancando servicio [Catalina]
08-Nov-2024 11:25:20.757 INFO [main] org.apache.catalina.core.StandardEngine.startInternal Starting Servlet engine: [Apache Tomcat/10.1.29]
08-Nov-2024 11:25:20.767 INFO [main] org.apache.catalina.startup.HostConfig.deployDescriptor Desplieque del descriptor de configuración [C:\Users\2º DAW\Desktop\DWES\apache-tomcat-10.1.29\conf\Catalina\localhost\Democlase.xml]
08-Nov-2024 11:25:20.782 WARNING [main] org.apache.catalina.startup.HostConfig.deployDescriptor The path attribute with value [/Democlase] in deployment descriptor [C:\Users\2º DAW\Desktop\DWES\apache-tomcat-10.1.29\conf\Catalina\localhost\Democlase.xml] has been ignored
08-Nov-2024 11:25:21.830 INFO [main] org.apache.jasper.servlet.TldScanner.scanJars Al menos un JAR, que se ha explorado buscando TLDs, aún no contenía TLDs. Activar historial de depuración para este historiador para una completa lista de los JARs que fueron explorados y de los que nos se halló TLDs. Saltarse JARs no necesarios durante la exploración puede dar lugar a una mejora de tiempo significativa en el arranque y compilación de JSP .
08-Nov-2024 11:25:21.888 INFO [main] org.apache.catalina.startup.HostConfig.deployDescriptor Deployment of deployment descriptor [C:\Users\2º DAW\Desktop\DWES\apache-tomcat-10.1.29\conf\Catalina\localhost\Democlase.xml] has finished in [1.118] ms
08-Nov-2024 11:25:21.888 INFO [main] org.apache.catalina.startup.HostConfig.deployDescriptor Desplieque del descriptor de configuración [C:\Users\2º DAW\Desktop\DWES\apache-tomcat-10.1.29\conf\Catalina\localhost\Lista.xml]
08-Nov-2024 11:25:21.889 WARNING [main] org.apache.catalina.startup.HostConfig.deployDescriptor The path attribute with value [/Lista] in deployment descriptor [C:\Users\2º DAW\Desktop\DWES\apache-tomcat-10.1.29\conf\Catalina\localhost\Lista.xml] has been ignored
08-Nov-2024 11:25:21.894 SEVERE [main] org.apache.catalina.startup.HostConfig.deployDescriptor Error durante el despliegue del descriptor de configuración [C:\Users\2º DAW\Desktop\DWES\apache-tomcat-10.1.29\conf\Catalina\localhost\Lista.xml]
	java.lang.IllegalStateException: Error starting child
		at org.apache.catalina.core.ContainerBase.addChildInternal(ContainerBase.java:602)
		at org.apache.catalina.core.ContainerBase.addChild(ContainerBase.java:571)
		at org.apache.catalina.core.StandardHost.addChild(StandardHost.java:654)
		at org.apache.catalina.startup.HostConfig.deployDescriptor(HostConfig.java:635)
		at org.apache.catalina.startup.HostConfig$DeployDescriptor.run(HostConfig.java:1889)
		at java.base/java.util.concurrent.Executors$RunnableAdapter.call(Executors.java:572)
		at java.base/java.util.concurrent.FutureTask.run(FutureTask.java:317)
		at org.apache.tomcat.util.threads.InlineExecutorService.execute(InlineExecutorService.java:75)
		at java.base/java.util.concurrent.AbstractExecutorService.submit(AbstractExecutorService.java:123)
		at org.apache.catalina.startup.HostConfig.deployDescriptors(HostConfig.java:530)
		at org.apache.catalina.startup.HostConfig.deployApps(HostConfig.java:421)
		at org.apache.catalina.startup.HostConfig.start(HostConfig.java:1629)
		at org.apache.catalina.startup.HostConfig.lifecycleEvent(HostConfig.java:303)
		at org.apache.catalina.util.LifecycleBase.fireLifecycleEvent(LifecycleBase.java:109)
		at org.apache.catalina.util.LifecycleBase.setStateInternal(LifecycleBase.java:385)
		at org.apache.catalina.util.LifecycleBase.setState(LifecycleBase.java:332)
		at org.apache.catalina.core.ContainerBase.startInternal(ContainerBase.java:776)
		at org.apache.catalina.core.StandardHost.startInternal(StandardHost.java:772)
		at org.apache.catalina.util.LifecycleBase.start(LifecycleBase.java:164)
		at org.apache.catalina.core.ContainerBase$StartChild.call(ContainerBase.java:1203)
		at org.apache.catalina.core.ContainerBase$StartChild.call(ContainerBase.java:1193)
		at java.base/java.util.concurrent.FutureTask.run(FutureTask.java:317)
		at org.apache.tomcat.util.threads.InlineExecutorService.execute(InlineExecutorService.java:75)
		at java.base/java.util.concurrent.AbstractExecutorService.submit(AbstractExecutorService.java:145)
		at org.apache.catalina.core.ContainerBase.startInternal(ContainerBase.java:749)
		at org.apache.catalina.core.StandardEngine.startInternal(StandardEngine.java:203)
		at org.apache.catalina.util.LifecycleBase.start(LifecycleBase.java:164)
		at org.apache.catalina.core.StandardService.startInternal(StandardService.java:415)
		at org.apache.catalina.util.LifecycleBase.start(LifecycleBase.java:164)
		at org.apache.catalina.core.StandardServer.startInternal(StandardServer.java:870)
		at org.apache.catalina.util.LifecycleBase.start(LifecycleBase.java:164)
		at org.apache.catalina.startup.Catalina.start(Catalina.java:757)
		at java.base/jdk.internal.reflect.DirectMethodHandleAccessor.invoke(DirectMethodHandleAccessor.java:103)
		at java.base/java.lang.reflect.Method.invoke(Method.java:580)
		at org.apache.catalina.startup.Bootstrap.start(Bootstrap.java:345)
		at org.apache.catalina.startup.Bootstrap.main(Bootstrap.java:473)
	Caused by: org.apache.catalina.LifecycleException: Failed to start component [org.apache.catalina.webresources.StandardRoot@124d02b2]
		at org.apache.catalina.util.LifecycleBase.handleSubClassException(LifecycleBase.java:402)
		at org.apache.catalina.util.LifecycleBase.start(LifecycleBase.java:179)
		at org.apache.catalina.core.StandardContext.resourcesStart(StandardContext.java:4108)
		at org.apache.catalina.core.StandardContext.startInternal(StandardContext.java:4230)
		at org.apache.catalina.util.LifecycleBase.start(LifecycleBase.java:164)
		at org.apache.catalina.core.ContainerBase.addChildInternal(ContainerBase.java:599)
		... 35 more
	Caused by: java.lang.IllegalArgumentException: The main resource set specified [C:\Users\2º DAW\Documents\NetBeansProjects\Incidencias2\build\web] is not a directory or war file, or is not readable (it does not exist or permissions to access it are missing)
		at org.apache.catalina.webresources.StandardRoot.createMainResourceSet(StandardRoot.java:749)
		at org.apache.catalina.webresources.StandardRoot.startInternal(StandardRoot.java:707)
		at org.apache.catalina.util.LifecycleBase.start(LifecycleBase.java:164)
		... 39 more
08-Nov-2024 11:25:21.917 INFO [main] org.apache.catalina.startup.HostConfig.deployDescriptor Deployment of deployment descriptor [C:\Users\2º DAW\Desktop\DWES\apache-tomcat-10.1.29\conf\Catalina\localhost\Lista.xml] has finished in [29] ms
08-Nov-2024 11:25:21.918 INFO [main] org.apache.catalina.startup.HostConfig.deployDescriptor Desplieque del descriptor de configuración [C:\Users\2º DAW\Desktop\DWES\apache-tomcat-10.1.29\conf\Catalina\localhost\ListadoArticulos.xml]
08-Nov-2024 11:25:21.919 WARNING [main] org.apache.catalina.startup.HostConfig.deployDescriptor The path attribute with value [/ListadoArticulos] in deployment descriptor [C:\Users\2º DAW\Desktop\DWES\apache-tomcat-10.1.29\conf\Catalina\localhost\ListadoArticulos.xml] has been ignored
08-Nov-2024 11:25:22.751 INFO [main] java.util.ArrayList.forEach Name = incidencias Ignoring unknown property: value of "true" for "useJDBCCompliantTimezoneShift" property
08-Nov-2024 11:25:22.752 INFO [main] java.util.ArrayList.forEach Name = incidencias Ignoring unknown property: value of "false" for "useLegacyDatetimeCode" property
08-Nov-2024 11:25:22.752 INFO [main] java.util.ArrayList.forEach Name = incidencias Ignoring unknown property: value of "false" for "useSSL" property
08-Nov-2024 11:25:22.752 INFO [main] java.util.ArrayList.forEach Name = incidencias Ignoring unknown property: value of "true" for "allowPublicKeyRetrieval" property
08-Nov-2024 11:25:22.753 INFO [main] java.util.ArrayList.forEach Name = incidencias Ignoring unknown property: value of "UTC" for "serverTimezone" property
08-Nov-2024 11:25:22.865 INFO [main] org.apache.jasper.servlet.TldScanner.scanJars Al menos un JAR, que se ha explorado buscando TLDs, aún no contenía TLDs. Activar historial de depuración para este historiador para una completa lista de los JARs que fueron explorados y de los que nos se halló TLDs. Saltarse JARs no necesarios durante la exploración puede dar lugar a una mejora de tiempo significativa en el arranque y compilación de JSP .
08-Nov-2024 11:25:22.895 INFO [main] org.apache.catalina.startup.HostConfig.deployDescriptor Deployment of deployment descriptor [C:\Users\2º DAW\Desktop\DWES\apache-tomcat-10.1.29\conf\Catalina\localhost\ListadoArticulos.xml] has finished in [978] ms
08-Nov-2024 11:25:22.896 INFO [main] org.apache.catalina.startup.HostConfig.deployDirectory Desplegando el directorio [C:\Users\2º DAW\Desktop\DWES\apache-tomcat-10.1.29\webapps\docs] de la aplicación web
08-Nov-2024 11:25:23.497 INFO [main] org.apache.jasper.servlet.TldScanner.scanJars Al menos un JAR, que se ha explorado buscando TLDs, aún no contenía TLDs. Activar historial de depuración para este historiador para una completa lista de los JARs que fueron explorados y de los que nos se halló TLDs. Saltarse JARs no necesarios durante la exploración puede dar lugar a una mejora de tiempo significativa en el arranque y compilación de JSP .
08-Nov-2024 11:25:23.502 INFO [main] org.apache.catalina.startup.HostConfig.deployDirectory Deployment of web application directory [C:\Users\2º DAW\Desktop\DWES\apache-tomcat-10.1.29\webapps\docs] has finished in [606] ms
08-Nov-2024 11:25:23.502 INFO [main] org.apache.catalina.startup.HostConfig.deployDirectory Desplegando el directorio [C:\Users\2º DAW\Desktop\DWES\apache-tomcat-10.1.29\webapps\examples] de la aplicación web
08-Nov-2024 11:25:24.392 INFO [main] org.apache.jasper.servlet.TldScanner.scanJars Al menos un JAR, que se ha explorado buscando TLDs, aún no contenía TLDs. Activar historial de depuración para este historiador para una completa lista de los JARs que fueron explorados y de los que nos se halló TLDs. Saltarse JARs no necesarios durante la exploración puede dar lugar a una mejora de tiempo significativa en el arranque y compilación de JSP .
08-Nov-2024 11:25:24.440 INFO [main] org.apache.catalina.startup.HostConfig.deployDirectory Deployment of web application directory [C:\Users\2º DAW\Desktop\DWES\apache-tomcat-10.1.29\webapps\examples] has finished in [938] ms
08-Nov-2024 11:25:24.440 INFO [main] org.apache.catalina.startup.HostConfig.deployDirectory Desplegando el directorio [C:\Users\2º DAW\Desktop\DWES\apache-tomcat-10.1.29\webapps\host-manager] de la aplicación web
08-Nov-2024 11:25:25.006 INFO [main] org.apache.jasper.servlet.TldScanner.scanJars Al menos un JAR, que se ha explorado buscando TLDs, aún no contenía TLDs. Activar historial de depuración para este historiador para una completa lista de los JARs que fueron explorados y de los que nos se halló TLDs. Saltarse JARs no necesarios durante la exploración puede dar lugar a una mejora de tiempo significativa en el arranque y compilación de JSP .
08-Nov-2024 11:25:25.017 INFO [main] org.apache.catalina.startup.HostConfig.deployDirectory Deployment of web application directory [C:\Users\2º DAW\Desktop\DWES\apache-tomcat-10.1.29\webapps\host-manager] has finished in [577] ms
08-Nov-2024 11:25:25.017 INFO [main] org.apache.catalina.startup.HostConfig.deployDirectory Desplegando el directorio [C:\Users\2º DAW\Desktop\DWES\apache-tomcat-10.1.29\webapps\manager] de la aplicación web
08-Nov-2024 11:25:25.611 INFO [main] org.apache.jasper.servlet.TldScanner.scanJars Al menos un JAR, que se ha explorado buscando TLDs, aún no contenía TLDs. Activar historial de depuración para este historiador para una completa lista de los JARs que fueron explorados y de los que nos se halló TLDs. Saltarse JARs no necesarios durante la exploración puede dar lugar a una mejora de tiempo significativa en el arranque y compilación de JSP .
08-Nov-2024 11:25:25.615 INFO [main] org.apache.catalina.startup.HostConfig.deployDirectory Deployment of web application directory [C:\Users\2º DAW\Desktop\DWES\apache-tomcat-10.1.29\webapps\manager] has finished in [598] ms
08-Nov-2024 11:25:25.616 INFO [main] org.apache.catalina.startup.HostConfig.deployDirectory Desplegando el directorio [C:\Users\2º DAW\Desktop\DWES\apache-tomcat-10.1.29\webapps\ROOT] de la aplicación web
08-Nov-2024 11:25:26.165 INFO [main] org.apache.jasper.servlet.TldScanner.scanJars Al menos un JAR, que se ha explorado buscando TLDs, aún no contenía TLDs. Activar historial de depuración para este historiador para una completa lista de los JARs que fueron explorados y de los que nos se halló TLDs. Saltarse JARs no necesarios durante la exploración puede dar lugar a una mejora de tiempo significativa en el arranque y compilación de JSP .
08-Nov-2024 11:25:26.169 INFO [main] org.apache.catalina.startup.HostConfig.deployDirectory Deployment of web application directory [C:\Users\2º DAW\Desktop\DWES\apache-tomcat-10.1.29\webapps\ROOT] has finished in [553] ms
08-Nov-2024 11:25:26.174 INFO [main] org.apache.coyote.AbstractProtocol.start Starting ProtocolHandler ["http-nio-8080"]
08-Nov-2024 11:25:26.202 INFO [main] org.apache.catalina.startup.Catalina.start Server startup in [5515] milliseconds
08-Nov-2024 11:25:28.152 INFO [http-nio-8080-exec-2] org.apache.catalina.core.StandardContext.reload Ha comenzado la recarga de Contexto [/ListadoArticulos]
08-Nov-2024 11:25:28.163 WARNING [http-nio-8080-exec-2] org.apache.catalina.loader.WebappClassLoaderBase.clearReferencesThreads The web application [ListadoArticulos] appears to have started a thread named [Abandoned connection cleanup thread] but has failed to stop it. This is very likely to create a memory leak. Stack trace of thread:
 java.base/java.io.WinNTFileSystem.canonicalize0(Native Method)
 java.base/java.io.WinNTFileSystem.canonicalize(WinNTFileSystem.java:496)
 java.base/java.io.File.getCanonicalPath(File.java:626)
 org.apache.catalina.webresources.AbstractFileResourceSet.file(AbstractFileResourceSet.java:94)
 org.apache.catalina.webresources.DirResourceSet.getResource(DirResourceSet.java:94)
 org.apache.catalina.webresources.StandardRoot.getResourceInternal(StandardRoot.java:272)
 org.apache.catalina.webresources.CachedResource.validateResource(CachedResource.java:105)
 org.apache.catalina.webresources.Cache.getResource(Cache.java:96)
 org.apache.catalina.webresources.StandardRoot.getResource(StandardRoot.java:211)
 org.apache.catalina.webresources.StandardRoot.getClassLoaderResource(StandardRoot.java:220)
 org.apache.catalina.loader.WebappClassLoaderBase.findResource(WebappClassLoaderBase.java:862)
 org.apache.catalina.loader.WebappClassLoaderBase.getResource(WebappClassLoaderBase.java:971)
 com.mysql.cj.jdbc.AbandonedConnectionCleanupThread.checkContextClassLoaders(AbandonedConnectionCleanupThread.java:96)
 com.mysql.cj.jdbc.AbandonedConnectionCleanupThread.run(AbandonedConnectionCleanupThread.java:69)
 java.base/java.util.concurrent.ThreadPoolExecutor.runWorker(ThreadPoolExecutor.java:1144)
 java.base/java.util.concurrent.ThreadPoolExecutor$Worker.run(ThreadPoolExecutor.java:642)
 java.base/java.lang.Thread.run(Thread.java:1570)
08-Nov-2024 11:25:28.917 INFO [http-nio-8080-exec-2] org.apache.jasper.servlet.TldScanner.scanJars Al menos un JAR, que se ha explorado buscando TLDs, aún no contenía TLDs. Activar historial de depuración para este historiador para una completa lista de los JARs que fueron explorados y de los que nos se halló TLDs. Saltarse JARs no necesarios durante la exploración puede dar lugar a una mejora de tiempo significativa en el arranque y compilación de JSP .
08-Nov-2024 11:25:28.945 INFO [http-nio-8080-exec-2] org.apache.catalina.core.StandardContext.reload Se ha completado la recarga de este Contexto
08-Nov-2024 11:25:33.172 INFO [Abandoned connection cleanup thread] org.apache.catalina.loader.WebappClassLoaderBase.checkStateForResourceLoading Acceso ilegal: esta instancia de aplicación web ya ha sido parada.  Could not load [].  La eventual traza de pila que sigue ha sido motivada por un error lanzado con motivos de depuración así como para intentar terminar el hilo que motivó el acceso ilegal y no tiene impacto funcional.
	java.lang.IllegalStateException: Acceso ilegal: esta instancia de aplicación web ya ha sido parada.  Could not load [].  La eventual traza de pila que sigue ha sido motivada por un error lanzado con motivos de depuración así como para intentar terminar el hilo que motivó el acceso ilegal y no tiene impacto funcional.
		at org.apache.catalina.loader.WebappClassLoaderBase.checkStateForResourceLoading(WebappClassLoaderBase.java:1352)
		at org.apache.catalina.loader.WebappClassLoaderBase.getResource(WebappClassLoaderBase.java:950)
		at com.mysql.cj.jdbc.AbandonedConnectionCleanupThread.checkContextClassLoaders(AbandonedConnectionCleanupThread.java:96)
		at com.mysql.cj.jdbc.AbandonedConnectionCleanupThread.run(AbandonedConnectionCleanupThread.java:69)
		at java.base/java.util.concurrent.ThreadPoolExecutor.runWorker(ThreadPoolExecutor.java:1144)
		at java.base/java.util.concurrent.ThreadPoolExecutor$Worker.run(ThreadPoolExecutor.java:642)
		at java.base/java.lang.Thread.run(Thread.java:1570)
08-Nov-2024 11:31:49.919 INFO [http-nio-8080-exec-14] org.apache.catalina.core.StandardContext.reload Ha comenzado la recarga de Contexto [/ListadoArticulos]
08-Nov-2024 11:31:49.931 WARNING [http-nio-8080-exec-14] org.apache.catalina.loader.WebappClassLoaderBase.clearReferencesThreads The web application [ListadoArticulos] appears to have started a thread named [Abandoned connection cleanup thread] but has failed to stop it. This is very likely to create a memory leak. Stack trace of thread:
 com.mysql.cj.jdbc.AbandonedConnectionCleanupThread.checkContextClassLoaders(AbandonedConnectionCleanupThread.java:96)
 com.mysql.cj.jdbc.AbandonedConnectionCleanupThread.run(AbandonedConnectionCleanupThread.java:69)
 java.base/java.util.concurrent.ThreadPoolExecutor.runWorker(ThreadPoolExecutor.java:1144)
 java.base/java.util.concurrent.ThreadPoolExecutor$Worker.run(ThreadPoolExecutor.java:642)
 java.base/java.lang.Thread.run(Thread.java:1570)
08-Nov-2024 11:31:50.727 INFO [http-nio-8080-exec-14] org.apache.jasper.servlet.TldScanner.scanJars Al menos un JAR, que se ha explorado buscando TLDs, aún no contenía TLDs. Activar historial de depuración para este historiador para una completa lista de los JARs que fueron explorados y de los que nos se halló TLDs. Saltarse JARs no necesarios durante la exploración puede dar lugar a una mejora de tiempo significativa en el arranque y compilación de JSP .
08-Nov-2024 11:31:50.757 INFO [http-nio-8080-exec-14] org.apache.catalina.core.StandardContext.reload Se ha completado la recarga de este Contexto
08-Nov-2024 11:31:54.937 INFO [Abandoned connection cleanup thread] org.apache.catalina.loader.WebappClassLoaderBase.checkStateForResourceLoading Acceso ilegal: esta instancia de aplicación web ya ha sido parada.  Could not load [].  La eventual traza de pila que sigue ha sido motivada por un error lanzado con motivos de depuración así como para intentar terminar el hilo que motivó el acceso ilegal y no tiene impacto funcional.
	java.lang.IllegalStateException: Acceso ilegal: esta instancia de aplicación web ya ha sido parada.  Could not load [].  La eventual traza de pila que sigue ha sido motivada por un error lanzado con motivos de depuración así como para intentar terminar el hilo que motivó el acceso ilegal y no tiene impacto funcional.
		at org.apache.catalina.loader.WebappClassLoaderBase.checkStateForResourceLoading(WebappClassLoaderBase.java:1352)
		at org.apache.catalina.loader.WebappClassLoaderBase.getResource(WebappClassLoaderBase.java:950)
		at com.mysql.cj.jdbc.AbandonedConnectionCleanupThread.checkContextClassLoaders(AbandonedConnectionCleanupThread.java:96)
		at com.mysql.cj.jdbc.AbandonedConnectionCleanupThread.run(AbandonedConnectionCleanupThread.java:69)
		at java.base/java.util.concurrent.ThreadPoolExecutor.runWorker(ThreadPoolExecutor.java:1144)
		at java.base/java.util.concurrent.ThreadPoolExecutor$Worker.run(ThreadPoolExecutor.java:642)
		at java.base/java.lang.Thread.run(Thread.java:1570)
08-Nov-2024 11:35:06.886 INFO [main] org.apache.catalina.core.StandardServer.await Se ha recibido un comando de apagado a través del puerto de apagado. Parando la instancia del Servidor.
08-Nov-2024 11:35:06.886 INFO [main] org.apache.coyote.AbstractProtocol.pause Pausing ProtocolHandler ["http-nio-8080"]
08-Nov-2024 11:35:06.888 INFO [main] org.apache.catalina.core.StandardService.stopInternal Parando servicio [Catalina]
08-Nov-2024 11:35:06.900 WARNING [main] org.apache.catalina.loader.WebappClassLoaderBase.clearReferencesThreads The web application [ListadoArticulos] appears to have started a thread named [Abandoned connection cleanup thread] but has failed to stop it. This is very likely to create a memory leak. Stack trace of thread:
 java.base/java.util.concurrent.ThreadPoolExecutor.runWorker(ThreadPoolExecutor.java:1136)
 java.base/java.util.concurrent.ThreadPoolExecutor$Worker.run(ThreadPoolExecutor.java:642)
 java.base/java.lang.Thread.run(Thread.java:1570)
08-Nov-2024 11:35:06.913 INFO [main] org.apache.coyote.AbstractProtocol.stop Stopping ProtocolHandler ["http-nio-8080"]
08-Nov-2024 11:35:06.924 INFO [main] org.apache.coyote.AbstractProtocol.destroy Destroying ProtocolHandler ["http-nio-8080"]
08-Nov-2024 11:35:06.925 WARNING [main] org.apache.catalina.deploy.NamingResourcesImpl.cleanUp Failed to retrieve JNDI naming context for container [StandardEngine[Catalina].StandardHost[localhost].StandardContext[/Lista]] so no cleanup was performed for that container
	javax.naming.NamingException: No hay contexto de nombres asociado a este cargador de clase
		at org.apache.naming.ContextBindings.getClassLoader(ContextBindings.java:271)
		at org.apache.catalina.deploy.NamingResourcesImpl.cleanUp(NamingResourcesImpl.java:942)
		at org.apache.catalina.deploy.NamingResourcesImpl.stopInternal(NamingResourcesImpl.java:925)
		at org.apache.catalina.util.LifecycleBase.stop(LifecycleBase.java:231)
		at org.apache.catalina.core.StandardContext.stopInternal(StandardContext.java:4663)
		at org.apache.catalina.util.LifecycleBase.stop(LifecycleBase.java:231)
		at org.apache.catalina.util.LifecycleBase.destroy(LifecycleBase.java:266)
		at org.apache.catalina.core.ContainerBase.removeChild(ContainerBase.java:671)
		at org.apache.catalina.core.ContainerBase.destroyInternal(ContainerBase.java:866)
		at org.apache.catalina.util.LifecycleBase.destroy(LifecycleBase.java:294)
		at org.apache.catalina.core.ContainerBase.removeChild(ContainerBase.java:671)
		at org.apache.catalina.core.ContainerBase.destroyInternal(ContainerBase.java:866)
		at org.apache.catalina.util.LifecycleBase.destroy(LifecycleBase.java:294)
		at org.apache.catalina.core.StandardService.destroyInternal(StandardService.java:545)
		at org.apache.catalina.util.LifecycleBase.destroy(LifecycleBase.java:294)
		at org.apache.catalina.core.StandardServer.destroyInternal(StandardServer.java:965)
		at org.apache.catalina.util.LifecycleBase.destroy(LifecycleBase.java:294)
		at org.apache.catalina.startup.Catalina.stop(Catalina.java:833)
		at org.apache.catalina.startup.Catalina.start(Catalina.java:796)
		at java.base/jdk.internal.reflect.DirectMethodHandleAccessor.invoke(DirectMethodHandleAccessor.java:103)
		at java.base/java.lang.reflect.Method.invoke(Method.java:580)
		at org.apache.catalina.startup.Bootstrap.start(Bootstrap.java:345)
		at org.apache.catalina.startup.Bootstrap.main(Bootstrap.java:473)
