06-Nov-2024 10:55:14.060 INFO [main] org.apache.catalina.core.ApplicationContext.log ContextListener: contextInitialized()
06-Nov-2024 10:55:14.060 INFO [main] org.apache.catalina.core.ApplicationContext.log SessionListener: contextInitialized()
06-Nov-2024 10:55:14.062 INFO [main] org.apache.catalina.core.ApplicationContext.log ContextListener: attributeAdded('StockTicker', 'async.Stockticker@ced7e4a')
06-Nov-2024 10:59:24.831 INFO [main] org.apache.catalina.core.ApplicationContext.log SessionListener: contextDestroyed()
06-Nov-2024 10:59:24.831 INFO [main] org.apache.catalina.core.ApplicationContext.log ContextListener: contextDestroyed()
06-Nov-2024 10:59:33.097 INFO [main] org.apache.catalina.core.ApplicationContext.log ContextListener: contextInitialized()
06-Nov-2024 10:59:33.097 INFO [main] org.apache.catalina.core.ApplicationContext.log SessionListener: contextInitialized()
06-Nov-2024 10:59:33.099 INFO [main] org.apache.catalina.core.ApplicationContext.log ContextListener: attributeAdded('StockTicker', 'async.Stockticker@ced7e4a')
06-Nov-2024 11:01:11.510 INFO [main] org.apache.catalina.core.ApplicationContext.log SessionListener: contextDestroyed()
06-Nov-2024 11:01:11.510 INFO [main] org.apache.catalina.core.ApplicationContext.log ContextListener: contextDestroyed()
06-Nov-2024 11:01:18.523 INFO [main] org.apache.catalina.core.ApplicationContext.log ContextListener: contextInitialized()
06-Nov-2024 11:01:18.523 INFO [main] org.apache.catalina.core.ApplicationContext.log SessionListener: contextInitialized()
06-Nov-2024 11:01:18.525 INFO [main] org.apache.catalina.core.ApplicationContext.log ContextListener: attributeAdded('StockTicker', 'async.Stockticker@ced7e4a')
06-Nov-2024 11:05:56.582 INFO [main] org.apache.catalina.core.ApplicationContext.log SessionListener: contextDestroyed()
06-Nov-2024 11:05:56.582 INFO [main] org.apache.catalina.core.ApplicationContext.log ContextListener: contextDestroyed()
06-Nov-2024 11:06:03.637 INFO [main] org.apache.catalina.core.ApplicationContext.log ContextListener: contextInitialized()
06-Nov-2024 11:06:03.637 INFO [main] org.apache.catalina.core.ApplicationContext.log SessionListener: contextInitialized()
06-Nov-2024 11:06:03.639 INFO [main] org.apache.catalina.core.ApplicationContext.log ContextListener: attributeAdded('StockTicker', 'async.Stockticker@21f41593')
06-Nov-2024 11:06:51.520 INFO [main] org.apache.catalina.core.ApplicationContext.log SessionListener: contextDestroyed()
06-Nov-2024 11:06:51.521 INFO [main] org.apache.catalina.core.ApplicationContext.log ContextListener: contextDestroyed()
06-Nov-2024 11:06:58.818 INFO [main] org.apache.catalina.core.ApplicationContext.log ContextListener: contextInitialized()
06-Nov-2024 11:06:58.818 INFO [main] org.apache.catalina.core.ApplicationContext.log SessionListener: contextInitialized()
06-Nov-2024 11:06:58.820 INFO [main] org.apache.catalina.core.ApplicationContext.log ContextListener: attributeAdded('StockTicker', 'async.Stockticker@7194f5b')
06-Nov-2024 11:10:27.093 SEVERE [http-nio-8080-exec-10] org.apache.catalina.core.ApplicationContext.log Error durante mapeo
	java.lang.NullPointerException: Cannot read field "path" because "contextVersion" is null
		at org.apache.catalina.mapper.Mapper.internalMapWrapper(Mapper.java:827)
		at org.apache.catalina.mapper.Mapper.map(Mapper.java:685)
		at org.apache.catalina.core.ApplicationContext.getRequestDispatcher(ApplicationContext.java:426)
		at org.apache.catalina.core.ApplicationContextFacade.getRequestDispatcher(ApplicationContextFacade.java:215)
		at org.apache.catalina.connector.Request.getRequestDispatcher(Request.java:1257)
		at org.apache.catalina.connector.RequestFacade.getRequestDispatcher(RequestFacade.java:462)
		at elementos.SvElementos.processRequest(SvElementos.java:130)
		at elementos.SvElementos.doGet(SvElementos.java:164)
		at jakarta.servlet.http.HttpServlet.service(HttpServlet.java:564)
		at jakarta.servlet.http.HttpServlet.service(HttpServlet.java:658)
		at org.apache.catalina.core.ApplicationFilterChain.internalDoFilter(ApplicationFilterChain.java:195)
		at org.apache.catalina.core.ApplicationFilterChain.doFilter(ApplicationFilterChain.java:140)
		at org.apache.tomcat.websocket.server.WsFilter.doFilter(WsFilter.java:51)
		at org.apache.catalina.core.ApplicationFilterChain.internalDoFilter(ApplicationFilterChain.java:164)
		at org.apache.catalina.core.ApplicationFilterChain.doFilter(ApplicationFilterChain.java:140)
		at org.apache.catalina.core.StandardWrapperValve.invoke(StandardWrapperValve.java:167)
		at org.apache.catalina.core.StandardContextValve.invoke(StandardContextValve.java:90)
		at org.apache.catalina.authenticator.AuthenticatorBase.invoke(AuthenticatorBase.java:483)
		at org.apache.catalina.core.StandardHostValve.invoke(StandardHostValve.java:115)
		at org.apache.catalina.valves.ErrorReportValve.invoke(ErrorReportValve.java:93)
		at org.apache.catalina.valves.AbstractAccessLogValve.invoke(AbstractAccessLogValve.java:663)
		at org.apache.catalina.core.StandardEngineValve.invoke(StandardEngineValve.java:74)
		at org.apache.catalina.connector.CoyoteAdapter.service(CoyoteAdapter.java:344)
		at org.apache.coyote.http11.Http11Processor.service(Http11Processor.java:384)
		at org.apache.coyote.AbstractProcessorLight.process(AbstractProcessorLight.java:63)
		at org.apache.coyote.AbstractProtocol$ConnectionHandler.process(AbstractProtocol.java:904)
		at org.apache.tomcat.util.net.NioEndpoint$SocketProcessor.doRun(NioEndpoint.java:1741)
		at org.apache.tomcat.util.net.SocketProcessorBase.run(SocketProcessorBase.java:52)
		at org.apache.tomcat.util.threads.ThreadPoolExecutor.runWorker(ThreadPoolExecutor.java:1190)
		at org.apache.tomcat.util.threads.ThreadPoolExecutor$Worker.run(ThreadPoolExecutor.java:659)
		at org.apache.tomcat.util.threads.TaskThread$WrappingRunnable.run(TaskThread.java:63)
		at java.base/java.lang.Thread.run(Thread.java:1570)
06-Nov-2024 11:10:27.093 SEVERE [http-nio-8080-exec-10] org.apache.catalina.core.StandardWrapperValve.invoke Servlet.service() para servlet [Elementos] lanzó excepción
	java.lang.NullPointerException: Cannot invoke "jakarta.servlet.RequestDispatcher.forward(jakarta.servlet.ServletRequest, jakarta.servlet.ServletResponse)" because "dispacher" is null
		at elementos.SvElementos.processRequest(SvElementos.java:131)
		at elementos.SvElementos.doGet(SvElementos.java:164)
		at jakarta.servlet.http.HttpServlet.service(HttpServlet.java:564)
		at jakarta.servlet.http.HttpServlet.service(HttpServlet.java:658)
		at org.apache.catalina.core.ApplicationFilterChain.internalDoFilter(ApplicationFilterChain.java:195)
		at org.apache.catalina.core.ApplicationFilterChain.doFilter(ApplicationFilterChain.java:140)
		at org.apache.tomcat.websocket.server.WsFilter.doFilter(WsFilter.java:51)
		at org.apache.catalina.core.ApplicationFilterChain.internalDoFilter(ApplicationFilterChain.java:164)
		at org.apache.catalina.core.ApplicationFilterChain.doFilter(ApplicationFilterChain.java:140)
		at org.apache.catalina.core.StandardWrapperValve.invoke(StandardWrapperValve.java:167)
		at org.apache.catalina.core.StandardContextValve.invoke(StandardContextValve.java:90)
		at org.apache.catalina.authenticator.AuthenticatorBase.invoke(AuthenticatorBase.java:483)
		at org.apache.catalina.core.StandardHostValve.invoke(StandardHostValve.java:115)
		at org.apache.catalina.valves.ErrorReportValve.invoke(ErrorReportValve.java:93)
		at org.apache.catalina.valves.AbstractAccessLogValve.invoke(AbstractAccessLogValve.java:663)
		at org.apache.catalina.core.StandardEngineValve.invoke(StandardEngineValve.java:74)
		at org.apache.catalina.connector.CoyoteAdapter.service(CoyoteAdapter.java:344)
		at org.apache.coyote.http11.Http11Processor.service(Http11Processor.java:384)
		at org.apache.coyote.AbstractProcessorLight.process(AbstractProcessorLight.java:63)
		at org.apache.coyote.AbstractProtocol$ConnectionHandler.process(AbstractProtocol.java:904)
		at org.apache.tomcat.util.net.NioEndpoint$SocketProcessor.doRun(NioEndpoint.java:1741)
		at org.apache.tomcat.util.net.SocketProcessorBase.run(SocketProcessorBase.java:52)
		at org.apache.tomcat.util.threads.ThreadPoolExecutor.runWorker(ThreadPoolExecutor.java:1190)
		at org.apache.tomcat.util.threads.ThreadPoolExecutor$Worker.run(ThreadPoolExecutor.java:659)
		at org.apache.tomcat.util.threads.TaskThread$WrappingRunnable.run(TaskThread.java:63)
		at java.base/java.lang.Thread.run(Thread.java:1570)
06-Nov-2024 11:10:27.158 INFO [main] org.apache.catalina.core.ApplicationContext.log SessionListener: contextDestroyed()
06-Nov-2024 11:10:27.158 INFO [main] org.apache.catalina.core.ApplicationContext.log ContextListener: contextDestroyed()
06-Nov-2024 11:10:34.521 INFO [main] org.apache.catalina.core.ApplicationContext.log ContextListener: contextInitialized()
06-Nov-2024 11:10:34.521 INFO [main] org.apache.catalina.core.ApplicationContext.log SessionListener: contextInitialized()
06-Nov-2024 11:10:34.523 INFO [main] org.apache.catalina.core.ApplicationContext.log ContextListener: attributeAdded('StockTicker', 'async.Stockticker@7d1f60cf')
06-Nov-2024 11:12:01.510 INFO [main] org.apache.catalina.core.ApplicationContext.log SessionListener: contextDestroyed()
06-Nov-2024 11:12:01.510 INFO [main] org.apache.catalina.core.ApplicationContext.log ContextListener: contextDestroyed()
06-Nov-2024 11:12:08.447 INFO [main] org.apache.catalina.core.ApplicationContext.log ContextListener: contextInitialized()
06-Nov-2024 11:12:08.447 INFO [main] org.apache.catalina.core.ApplicationContext.log SessionListener: contextInitialized()
06-Nov-2024 11:12:08.449 INFO [main] org.apache.catalina.core.ApplicationContext.log ContextListener: attributeAdded('StockTicker', 'async.Stockticker@3808bdfc')
06-Nov-2024 12:31:33.834 INFO [main] org.apache.catalina.core.ApplicationContext.log SessionListener: contextDestroyed()
06-Nov-2024 12:31:33.834 INFO [main] org.apache.catalina.core.ApplicationContext.log ContextListener: contextDestroyed()
