04-Nov-2024 08:46:03.854 INFO [main] org.apache.catalina.core.ApplicationContext.log ContextListener: contextInitialized()
04-Nov-2024 08:46:03.854 INFO [main] org.apache.catalina.core.ApplicationContext.log SessionListener: contextInitialized()
04-Nov-2024 08:46:03.856 INFO [main] org.apache.catalina.core.ApplicationContext.log ContextListener: attributeAdded('StockTicker', 'async.Stockticker@21f41593')
04-Nov-2024 09:42:46.151 INFO [main] org.apache.catalina.core.ApplicationContext.log SessionListener: contextDestroyed()
04-Nov-2024 09:42:46.151 INFO [main] org.apache.catalina.core.ApplicationContext.log ContextListener: contextDestroyed()
04-Nov-2024 09:42:53.254 INFO [main] org.apache.catalina.core.ApplicationContext.log ContextListener: contextInitialized()
04-Nov-2024 09:42:53.255 INFO [main] org.apache.catalina.core.ApplicationContext.log SessionListener: contextInitialized()
04-Nov-2024 09:42:53.257 INFO [main] org.apache.catalina.core.ApplicationContext.log ContextListener: attributeAdded('StockTicker', 'async.Stockticker@32dab011')
04-Nov-2024 09:46:54.943 INFO [main] org.apache.catalina.core.ApplicationContext.log SessionListener: contextDestroyed()
04-Nov-2024 09:46:54.943 INFO [main] org.apache.catalina.core.ApplicationContext.log ContextListener: contextDestroyed()
04-Nov-2024 09:54:24.434 INFO [main] org.apache.catalina.core.ApplicationContext.log ContextListener: contextInitialized()
04-Nov-2024 09:54:24.435 INFO [main] org.apache.catalina.core.ApplicationContext.log SessionListener: contextInitialized()
04-Nov-2024 09:54:24.438 INFO [main] org.apache.catalina.core.ApplicationContext.log ContextListener: attributeAdded('StockTicker', 'async.Stockticker@543669de')
04-Nov-2024 09:56:35.258 INFO [main] org.apache.catalina.core.ApplicationContext.log SessionListener: contextDestroyed()
04-Nov-2024 09:56:35.258 INFO [main] org.apache.catalina.core.ApplicationContext.log ContextListener: contextDestroyed()
04-Nov-2024 09:56:48.905 INFO [main] org.apache.catalina.core.ApplicationContext.log ContextListener: contextInitialized()
04-Nov-2024 09:56:48.905 INFO [main] org.apache.catalina.core.ApplicationContext.log SessionListener: contextInitialized()
04-Nov-2024 09:56:48.907 INFO [main] org.apache.catalina.core.ApplicationContext.log ContextListener: attributeAdded('StockTicker', 'async.Stockticker@ced7e4a')
04-Nov-2024 10:03:22.458 INFO [main] org.apache.catalina.core.ApplicationContext.log SessionListener: contextDestroyed()
04-Nov-2024 10:03:22.458 INFO [main] org.apache.catalina.core.ApplicationContext.log ContextListener: contextDestroyed()
04-Nov-2024 10:03:31.614 INFO [main] org.apache.catalina.core.ApplicationContext.log ContextListener: contextInitialized()
04-Nov-2024 10:03:31.614 INFO [main] org.apache.catalina.core.ApplicationContext.log SessionListener: contextInitialized()
04-Nov-2024 10:03:31.616 INFO [main] org.apache.catalina.core.ApplicationContext.log ContextListener: attributeAdded('StockTicker', 'async.Stockticker@5165783c')
04-Nov-2024 10:07:19.980 INFO [main] org.apache.catalina.core.ApplicationContext.log SessionListener: contextDestroyed()
04-Nov-2024 10:07:19.980 INFO [main] org.apache.catalina.core.ApplicationContext.log ContextListener: contextDestroyed()
04-Nov-2024 12:59:31.303 INFO [main] org.apache.catalina.core.ApplicationContext.log ContextListener: contextInitialized()
04-Nov-2024 12:59:31.303 INFO [main] org.apache.catalina.core.ApplicationContext.log SessionListener: contextInitialized()
04-Nov-2024 12:59:31.303 INFO [main] org.apache.catalina.core.ApplicationContext.log ContextListener: attributeAdded('StockTicker', 'async.Stockticker@21f41593')
04-Nov-2024 13:01:43.898 INFO [main] org.apache.catalina.core.ApplicationContext.log SessionListener: contextDestroyed()
04-Nov-2024 13:01:43.898 INFO [main] org.apache.catalina.core.ApplicationContext.log ContextListener: contextDestroyed()
04-Nov-2024 13:03:16.666 INFO [main] org.apache.catalina.core.ApplicationContext.log ContextListener: contextInitialized()
04-Nov-2024 13:03:16.666 INFO [main] org.apache.catalina.core.ApplicationContext.log SessionListener: contextInitialized()
04-Nov-2024 13:03:16.668 INFO [main] org.apache.catalina.core.ApplicationContext.log ContextListener: attributeAdded('StockTicker', 'async.Stockticker@1ba84d52')
04-Nov-2024 14:27:51.932 INFO [main] org.apache.catalina.core.ApplicationContext.log SessionListener: contextDestroyed()
04-Nov-2024 14:27:51.932 INFO [main] org.apache.catalina.core.ApplicationContext.log ContextListener: contextDestroyed()
