15-Oct-2024 10:50:29.977 INFO [main] org.apache.catalina.core.ApplicationContext.log ContextListener: contextInitialized()
15-Oct-2024 10:50:29.977 INFO [main] org.apache.catalina.core.ApplicationContext.log SessionListener: contextInitialized()
15-Oct-2024 10:50:29.979 INFO [main] org.apache.catalina.core.ApplicationContext.log ContextListener: attributeAdded('StockTicker', 'async.Stockticker@771cbd13')
15-Oct-2024 10:56:14.209 INFO [main] org.apache.catalina.core.ApplicationContext.log SessionListener: contextDestroyed()
15-Oct-2024 10:56:14.209 INFO [main] org.apache.catalina.core.ApplicationContext.log ContextListener: contextDestroyed()
15-Oct-2024 10:57:27.995 INFO [main] org.apache.catalina.core.ApplicationContext.log ContextListener: contextInitialized()
15-Oct-2024 10:57:27.996 INFO [main] org.apache.catalina.core.ApplicationContext.log SessionListener: contextInitialized()
15-Oct-2024 10:57:27.996 INFO [main] org.apache.catalina.core.ApplicationContext.log ContextListener: attributeAdded('StockTicker', 'async.Stockticker@97b84a4')
15-Oct-2024 11:08:28.812 INFO [main] org.apache.catalina.core.ApplicationContext.log SessionListener: contextDestroyed()
15-Oct-2024 11:08:28.812 INFO [main] org.apache.catalina.core.ApplicationContext.log ContextListener: contextDestroyed()
15-Oct-2024 12:46:24.820 INFO [main] org.apache.catalina.core.ApplicationContext.log ContextListener: contextInitialized()
15-Oct-2024 12:46:24.820 INFO [main] org.apache.catalina.core.ApplicationContext.log SessionListener: contextInitialized()
15-Oct-2024 12:46:24.822 INFO [main] org.apache.catalina.core.ApplicationContext.log ContextListener: attributeAdded('StockTicker', 'async.Stockticker@229749f0')
15-Oct-2024 13:31:32.596 INFO [main] org.apache.catalina.core.ApplicationContext.log SessionListener: contextDestroyed()
15-Oct-2024 13:31:32.596 INFO [main] org.apache.catalina.core.ApplicationContext.log ContextListener: contextDestroyed()
15-Oct-2024 13:31:38.817 INFO [main] org.apache.catalina.core.ApplicationContext.log ContextListener: contextInitialized()
15-Oct-2024 13:31:38.817 INFO [main] org.apache.catalina.core.ApplicationContext.log SessionListener: contextInitialized()
15-Oct-2024 13:31:38.820 INFO [main] org.apache.catalina.core.ApplicationContext.log ContextListener: attributeAdded('StockTicker', 'async.Stockticker@20556566')
15-Oct-2024 13:32:25.572 INFO [http-nio-8080-exec-4] org.apache.catalina.core.ApplicationContext.log Marcando el servlet [Sala] como no disponible
15-Oct-2024 13:32:25.572 SEVERE [http-nio-8080-exec-4] org.apache.catalina.core.StandardWrapperValve.invoke Excepción de reserva de espacio para servlet [Sala]
	java.lang.NoSuchMethodException: Sala.sSala.<init>()
		at java.base/java.lang.Class.getConstructor0(Class.java:3784)
		at java.base/java.lang.Class.getConstructor(Class.java:2452)
		at org.apache.catalina.core.DefaultInstanceManager.newInstance(DefaultInstanceManager.java:144)
		at org.apache.catalina.core.StandardWrapper.loadServlet(StandardWrapper.java:758)
		at org.apache.catalina.core.StandardWrapper.allocate(StandardWrapper.java:575)
		at org.apache.catalina.core.StandardWrapperValve.invoke(StandardWrapperValve.java:115)
		at org.apache.catalina.core.StandardContextValve.invoke(StandardContextValve.java:90)
		at org.apache.catalina.authenticator.AuthenticatorBase.invoke(AuthenticatorBase.java:483)
		at org.apache.catalina.core.StandardHostValve.invoke(StandardHostValve.java:115)
		at org.apache.catalina.valves.ErrorReportValve.invoke(ErrorReportValve.java:93)
		at org.apache.catalina.valves.AbstractAccessLogValve.invoke(AbstractAccessLogValve.java:663)
		at org.apache.catalina.core.StandardEngineValve.invoke(StandardEngineValve.java:74)
		at org.apache.catalina.connector.CoyoteAdapter.service(CoyoteAdapter.java:344)
		at org.apache.coyote.http11.Http11Processor.service(Http11Processor.java:384)
		at org.apache.coyote.AbstractProcessorLight.process(AbstractProcessorLight.java:63)
		at org.apache.coyote.AbstractProtocol$ConnectionHandler.process(AbstractProtocol.java:904)
		at org.apache.tomcat.util.net.NioEndpoint$SocketProcessor.doRun(NioEndpoint.java:1741)
		at org.apache.tomcat.util.net.SocketProcessorBase.run(SocketProcessorBase.java:52)
		at org.apache.tomcat.util.threads.ThreadPoolExecutor.runWorker(ThreadPoolExecutor.java:1190)
		at org.apache.tomcat.util.threads.ThreadPoolExecutor$Worker.run(ThreadPoolExecutor.java:659)
		at org.apache.tomcat.util.threads.TaskThread$WrappingRunnable.run(TaskThread.java:63)
		at java.base/java.lang.Thread.run(Thread.java:1570)
15-Oct-2024 14:24:38.685 INFO [main] org.apache.catalina.core.ApplicationContext.log SessionListener: contextDestroyed()
15-Oct-2024 14:24:38.686 INFO [main] org.apache.catalina.core.ApplicationContext.log ContextListener: contextDestroyed()
